#
# A fatal error has been detected by the Java Runtime Environment:
#
#  SIGSEGV (0xb) at pc=0x0000000000000000, pid=15305, tid=19203
#
# JRE version: Java(TM) SE Runtime Environment (8.0_66-b17) (build 1.8.0_66-b17)
# Java VM: Java HotSpot(TM) 64-Bit Server VM (25.66-b17 mixed mode bsd-amd64 compressed oops)
# Problematic frame:
# C  0x0000000000000000
#
# Failed to write core dump. Core dumps have been disabled. To enable core dumping, try "ulimit -c unlimited" before starting Java again
#
# If you would like to submit a bug report, please visit:
#   http://bugreport.java.com/bugreport/crash.jsp
#

---------------  T H R E A D  ---------------

Current thread (0x00007fa70b004800):  JavaThread "JDWP Transport Listener: dt_socket" daemon [_thread_in_vm, id=19203, stack(0x000070000702d000,0x000070000712d000)]

siginfo: si_signo: 11 (SIGSEGV), si_code: 1 (SEGV_MAPERR), si_addr: 0x0000000000000000

Registers:
RAX=0x000000012655e168, RBX=0x00007fa70cf80d78, RCX=0x0000000105e14310, RDX=0x000070000712ca8b
RSP=0x000070000712c9c8, RBP=0x000070000712c9e0, RSI=0x00007fa70b004800, RDI=0x00007fa70cf80d78
R8 =0x0000000000000001, R9 =0x00007fa7129a49d0, R10=0x0000000000000001, R11=0x0000000000000002
R12=0x00007fa70b004800, R13=0x00007fa7129d8390, R14=0x00007fa7129d8390, R15=0x00007fa70c8000c0
RIP=0x0000000000000000, EFLAGS=0x0000000000010206, ERR=0x0000000000000014
  TRAPNO=0x000000000000000e

Top of Stack: (sp=0x000070000712c9c8)
0x000070000712c9c8:   0000000105a461c7 000070000712ca8b
0x000070000712c9d8:   000070000712ca8b 000070000712ca40
0x000070000712c9e8:   00000001059552be 00007fa70b004800
0x000070000712c9f8:   0000000000000000 0000000000000000
0x000070000712ca08:   0000000000000000 00007fa70b004800
0x000070000712ca18:   00007fa70b004800 000070000712ca8b
0x000070000712ca28:   000070000712ca90 00007fa7129d8390
0x000070000712ca38:   0000000000000010 000070000712ca60
0x000070000712ca48:   0000000104586780 0000000000000001
0x000070000712ca58:   000070000712cb08 000070000712cad0
0x000070000712ca68:   000000010456b1f3 000070000712caa0
0x000070000712ca78:   00007fa7129d82f0 0000001700000032
0x000070000712ca88:   000000010012cb08 0000000000000000
0x000070000712ca98:   0000000000000000 0000000000000000
0x000070000712caa8:   000070000712cc90 000000010458de7a
0x000070000712cab8:   00007fa70cb058c0 000070000712cb08
0x000070000712cac8:   0000000104599598 000070000712cae0
0x000070000712cad8:   000000010456b2ec 000070000712cd00
0x000070000712cae8:   0000000104574898 000724c500000013
0x000070000712caf8:   00000000000f0200 00007fa712a85740
0x000070000712cb08:   00007fa71514ad2d 00007fa700000383
0x000070000712cb18:   00007fa70a453150 00007fa70000012c
0x000070000712cb28:   000070000712cb58 00007fa7129d7830
0x000070000712cb38:   0000000000000000 000724c50000000f
0x000070000712cb48:   00007fa700009e80 000070000712cb58
0x000070000712cb58:   a77f000017000000 0a000000d00df80c
0x000070000712cb68:   6e6e616843646461 4c28290000006c65
0x000070000712cb78:   707275702f6d6f63 646f2f706970656c
0x000070000712cb88:   65757165732f6e69 6168432f7265636e
0x000070000712cb98:   0056293b6c656e6e 0001000000000000
0x000070000712cba8:   00d80df80ca77f00 766f6d65720d0000
0x000070000712cbb8:   6c656e6e61684365 6f634c2829000000 

Instructions: (pc=0x0000000000000000)
0xffffffffffffffe0:   

Register to memory mapping:

RAX={method} {0x000000012655e168} 'hashCode' '()I' in 'com/purplepip/odin/store/domain/PersistableProject'
RBX=0x00007fa70cf80d78 is an unknown value
RCX=0x0000000105e14310: UseMembar+0 in /Library/Java/JavaVirtualMachines/jdk1.8.0_66.jdk/Contents/Home/jre/lib/server/libjvm.dylib at 0x0000000105600000
RDX=0x000070000712ca8b is pointing into the stack for thread: 0x00007fa70b004800
RSP=0x000070000712c9c8 is pointing into the stack for thread: 0x00007fa70b004800
RBP=0x000070000712c9e0 is pointing into the stack for thread: 0x00007fa70b004800
RSI=0x00007fa70b004800 is a thread
RDI=0x00007fa70cf80d78 is an unknown value
R8 =0x0000000000000001 is an unknown value
R9 =0x00007fa7129a49d0 is an unknown value
R10=0x0000000000000001 is an unknown value
R11=0x0000000000000002 is an unknown value
R12=0x00007fa70b004800 is a thread
R13=0x00007fa7129d8390 is an unknown value
R14=0x00007fa7129d8390 is an unknown value
R15=0x00007fa70c8000c0 is an unknown value


Stack: [0x000070000702d000,0x000070000712d000],  sp=0x000070000712c9c8,  free space=1022k

---------------  P R O C E S S  ---------------

Java Threads: ( => current thread )
  0x00007fa70e7f6000 JavaThread "pool-4-thread-1" [_thread_in_Java, id=43267, stack(0x00007000080e3000,0x00007000081e3000)]
  0x00007fa70d522800 JavaThread "pool-3-thread-1" [_thread_blocked, id=42755, stack(0x0000700007fe0000,0x00007000080e0000)]
  0x00007fa711509800 JavaThread "Thread-9" daemon [_thread_blocked, id=42243, stack(0x0000700007edd000,0x0000700007fdd000)]
  0x00007fa711a3c800 JavaThread "Thread-8" daemon [_thread_blocked, id=41731, stack(0x0000700007dda000,0x0000700007eda000)]
  0x00007fa712040800 JavaThread "Java Sound Event Dispatcher" daemon [_thread_blocked, id=38919, stack(0x0000700007c54000,0x0000700007d54000)]
  0x00007fa7114ef800 JavaThread "Timer-0" daemon [_thread_blocked, id=38407, stack(0x0000700007b51000,0x0000700007c51000)]
  0x00007fa70d549800 JavaThread "Tomcat JDBC Pool Cleaner[349885916:1502982815780]" daemon [_thread_blocked, id=23815, stack(0x0000700007948000,0x0000700007a48000)]
  0x00007fa70d045000 JavaThread "Service Thread" daemon [_thread_blocked, id=22787, stack(0x0000700007742000,0x0000700007842000)]
  0x00007fa70c010000 JavaThread "C1 CompilerThread3" daemon [_thread_blocked, id=22275, stack(0x000070000763f000,0x000070000773f000)]
  0x00007fa70e003000 JavaThread "C2 CompilerThread2" daemon [_thread_blocked, id=21763, stack(0x000070000753c000,0x000070000763c000)]
  0x00007fa70b007000 JavaThread "C2 CompilerThread1" daemon [_thread_blocked, id=21251, stack(0x0000700007439000,0x0000700007539000)]
  0x00007fa70b005800 JavaThread "C2 CompilerThread0" daemon [_thread_blocked, id=20739, stack(0x0000700007336000,0x0000700007436000)]
  0x00007fa70d044000 JavaThread "JDWP Command Reader" daemon [_thread_in_native, id=20227, stack(0x0000700007233000,0x0000700007333000)]
  0x00007fa70e80d800 JavaThread "JDWP Event Helper Thread" daemon [_thread_blocked, id=19715, stack(0x0000700007130000,0x0000700007230000)]
=>0x00007fa70b004800 JavaThread "JDWP Transport Listener: dt_socket" daemon [_thread_in_vm, id=19203, stack(0x000070000702d000,0x000070000712d000)]
  0x00007fa70d80b800 JavaThread "Signal Dispatcher" daemon [_thread_blocked, id=18691, stack(0x0000700006f2a000,0x000070000702a000)]
  0x00007fa70e806000 JavaThread "Finalizer" daemon [_thread_blocked, id=14595, stack(0x0000700006e27000,0x0000700006f27000)]
  0x00007fa70a83b800 JavaThread "Reference Handler" daemon [_thread_blocked, id=14083, stack(0x0000700006d24000,0x0000700006e24000)]
  0x00007fa70b002000 JavaThread "main" [_thread_blocked, id=7171, stack(0x0000700006306000,0x0000700006406000)]

Other Threads:
  0x00007fa70d043800 VMThread [stack: 0x0000700006c21000,0x0000700006d21000] [id=13571]
  0x00007fa70e002800 WatcherThread [stack: 0x0000700007845000,0x0000700007945000] [id=23299]

VM state:not at safepoint (normal execution)

VM Mutex/Monitor currently owned by a thread: None

Heap:
 PSYoungGen      total 396800K, used 51588K [0x000000076ab00000, 0x0000000786080000, 0x00000007c0000000)
  eden space 374272K, 13% used [0x000000076ab00000,0x000000076dd612a0,0x0000000781880000)
  from space 22528K, 0% used [0x0000000783280000,0x0000000783280000,0x0000000784880000)
  to   space 26624K, 0% used [0x0000000781880000,0x0000000781880000,0x0000000783280000)
 ParOldGen       total 228864K, used 40013K [0x00000006c0000000, 0x00000006cdf80000, 0x000000076ab00000)
  object space 228864K, 17% used [0x00000006c0000000,0x00000006c2713568,0x00000006cdf80000)
 Metaspace       used 60561K, capacity 61236K, committed 61736K, reserved 1103872K
  class space    used 7693K, capacity 7849K, committed 7976K, reserved 1048576K

Card table byte_map: [0x0000000106946000,0x0000000107147000] byte_map_base: 0x0000000103346000

Marking Bits: (ParMarkBitMap*) 0x0000000105edde20
 Begin Bits: [0x000000011c9cc000, 0x00000001209cc000)
 End Bits:   [0x00000001209cc000, 0x00000001249cc000)

Polling page: 0x0000000104565000

CodeCache: size=245760Kb used=20965Kb max_used=22232Kb free=224794Kb
 bounds [0x000000010d9cc000, 0x000000010efcc000, 0x000000011c9cc000]
 total_blobs=6077 nmethods=5310 adapters=688
 compilation: enabled

Compilation events (10 events):
Event: 40613.178 Thread 0x00007fa70c010000 6353       3       java.util.stream.Sink$ChainedReference::cancellationRequested (10 bytes)
Event: 40613.178 Thread 0x00007fa70c010000 nmethod 6353 0x000000010dc99f90 code [0x000000010dc9a100, 0x000000010dc9a328]
Event: 40613.181 Thread 0x00007fa70c010000 6354       3       java.util.stream.StreamSpliterators$WrappingSpliterator$$Lambda$16/265524460::getAsBoolean (8 bytes)
Event: 40613.183 Thread 0x00007fa70c010000 nmethod 6354 0x000000010dfc4890 code [0x000000010dfc4a00, 0x000000010dfc4ca8]
Event: 40613.184 Thread 0x00007fa70c010000 6355       3       java.util.stream.StreamSpliterators$WrappingSpliterator::lambda$initPartialTraversalState$222 (14 bytes)
Event: 40613.184 Thread 0x00007fa70c010000 nmethod 6355 0x000000010e05b190 code [0x000000010e05b300, 0x000000010e05b528]
Event: 40613.185 Thread 0x00007fa70c010000 6356       3       java.util.HashMap$ValueSpliterator::tryAdvance (138 bytes)
Event: 40613.189 Thread 0x00007fa70c010000 nmethod 6356 0x000000010e5fe0d0 code [0x000000010e5fe2c0, 0x000000010e5fea58]
Event: 40697.531 Thread 0x00007fa70b007000 6357       4       java.lang.Long::valueOf (36 bytes)
Event: 40697.535 Thread 0x00007fa70b007000 nmethod 6357 0x000000010df9da90 code [0x000000010df9dbe0, 0x000000010df9dcd8]

GC Heap History (10 events):
Event: 4.066 GC heap before
{Heap before GC invocations=9 (full 2):
 PSYoungGen      total 225792K, used 10743K [0x000000076ab00000, 0x0000000780d00000, 0x00000007c0000000)
  eden space 215040K, 0% used [0x000000076ab00000,0x000000076ab00000,0x0000000777d00000)
  from space 10752K, 99% used [0x0000000777d00000,0x000000077877dc18,0x0000000778780000)
  to   space 14336K, 0% used [0x000000077ff00000,0x000000077ff00000,0x0000000780d00000)
 ParOldGen       total 93184K, used 11778K [0x00000006c0000000, 0x00000006c5b00000, 0x000000076ab00000)
  object space 93184K, 12% used [0x00000006c0000000,0x00000006c0b809a0,0x00000006c5b00000)
 Metaspace       used 34995K, capacity 35410K, committed 35496K, reserved 1081344K
  class space    used 4386K, capacity 4508K, committed 4520K, reserved 1048576K
Event: 4.140 GC heap after
Heap after GC invocations=9 (full 2):
 PSYoungGen      total 225792K, used 0K [0x000000076ab00000, 0x0000000780d00000, 0x00000007c0000000)
  eden space 215040K, 0% used [0x000000076ab00000,0x000000076ab00000,0x0000000777d00000)
  from space 10752K, 0% used [0x0000000777d00000,0x0000000777d00000,0x0000000778780000)
  to   space 14336K, 0% used [0x000000077ff00000,0x000000077ff00000,0x0000000780d00000)
 ParOldGen       total 156160K, used 20722K [0x00000006c0000000, 0x00000006c9880000, 0x000000076ab00000)
  object space 156160K, 13% used [0x00000006c0000000,0x00000006c143ca80,0x00000006c9880000)
 Metaspace       used 34995K, capacity 35410K, committed 35496K, reserved 1081344K
  class space    used 4386K, capacity 4508K, committed 4520K, reserved 1048576K
}
Event: 6.288 GC heap before
{Heap before GC invocations=10 (full 2):
 PSYoungGen      total 225792K, used 215040K [0x000000076ab00000, 0x0000000780d00000, 0x00000007c0000000)
  eden space 215040K, 100% used [0x000000076ab00000,0x0000000777d00000,0x0000000777d00000)
  from space 10752K, 0% used [0x0000000777d00000,0x0000000777d00000,0x0000000778780000)
  to   space 14336K, 0% used [0x000000077ff00000,0x000000077ff00000,0x0000000780d00000)
 ParOldGen       total 156160K, used 20722K [0x00000006c0000000, 0x00000006c9880000, 0x000000076ab00000)
  object space 156160K, 13% used [0x00000006c0000000,0x00000006c143ca80,0x00000006c9880000)
 Metaspace       used 47592K, capacity 48092K, committed 48552K, reserved 1091584K
  class space    used 6138K, capacity 6251K, committed 6312K, reserved 1048576K
Event: 6.307 GC heap after
Heap after GC invocations=10 (full 2):
 PSYoungGen      total 320512K, used 14309K [0x000000076ab00000, 0x0000000780d00000, 0x00000007c0000000)
  eden space 306176K, 0% used [0x000000076ab00000,0x000000076ab00000,0x000000077d600000)
  from space 14336K, 99% used [0x000000077ff00000,0x0000000780cf9670,0x0000000780d00000)
  to   space 20992K, 0% used [0x000000077e400000,0x000000077e400000,0x000000077f880000)
 ParOldGen       total 156160K, used 32371K [0x00000006c0000000, 0x00000006c9880000, 0x000000076ab00000)
  object space 156160K, 20% used [0x00000006c0000000,0x00000006c1f9cc38,0x00000006c9880000)
 Metaspace       used 47592K, capacity 48092K, committed 48552K, reserved 1091584K
  class space    used 6138K, capacity 6251K, committed 6312K, reserved 1048576K
}
Event: 7.981 GC heap before
{Heap before GC invocations=11 (full 2):
 PSYoungGen      total 320512K, used 320485K [0x000000076ab00000, 0x0000000780d00000, 0x00000007c0000000)
  eden space 306176K, 100% used [0x000000076ab00000,0x000000077d600000,0x000000077d600000)
  from space 14336K, 99% used [0x000000077ff00000,0x0000000780cf9670,0x0000000780d00000)
  to   space 20992K, 0% used [0x000000077e400000,0x000000077e400000,0x000000077f880000)
 ParOldGen       total 156160K, used 32371K [0x00000006c0000000, 0x00000006c9880000, 0x000000076ab00000)
  object space 156160K, 20% used [0x00000006c0000000,0x00000006c1f9cc38,0x00000006c9880000)
 Metaspace       used 51871K, capacity 52476K, committed 52904K, reserved 1095680K
  class space    used 6640K, capacity 6775K, committed 6824K, reserved 1048576K
Event: 7.997 GC heap after
Heap after GC invocations=11 (full 2):
 PSYoungGen      total 341504K, used 17495K [0x000000076ab00000, 0x0000000784880000, 0x00000007c0000000)
  eden space 320512K, 0% used [0x000000076ab00000,0x000000076ab00000,0x000000077e400000)
  from space 20992K, 83% used [0x000000077e400000,0x000000077f515d08,0x000000077f880000)
  to   space 22528K, 0% used [0x0000000783280000,0x0000000783280000,0x0000000784880000)
 ParOldGen       total 156160K, used 32379K [0x00000006c0000000, 0x00000006c9880000, 0x000000076ab00000)
  object space 156160K, 20% used [0x00000006c0000000,0x00000006c1f9ec38,0x00000006c9880000)
 Metaspace       used 51871K, capacity 52476K, committed 52904K, reserved 1095680K
  class space    used 6640K, capacity 6775K, committed 6824K, reserved 1048576K
}
Event: 9.501 GC heap before
{Heap before GC invocations=12 (full 2):
 PSYoungGen      total 341504K, used 285783K [0x000000076ab00000, 0x0000000784880000, 0x00000007c0000000)
  eden space 320512K, 83% used [0x000000076ab00000,0x000000077b100068,0x000000077e400000)
  from space 20992K, 83% used [0x000000077e400000,0x000000077f515d08,0x000000077f880000)
  to   space 22528K, 0% used [0x0000000783280000,0x0000000783280000,0x0000000784880000)
 ParOldGen       total 156160K, used 32379K [0x00000006c0000000, 0x00000006c9880000, 0x000000076ab00000)
  object space 156160K, 20% used [0x00000006c0000000,0x00000006c1f9ec38,0x00000006c9880000)
 Metaspace       used 58194K, capacity 58838K, committed 59160K, reserved 1101824K
  class space    used 7424K, capacity 7570K, committed 7592K, reserved 1048576K
Event: 9.522 GC heap after
Heap after GC invocations=12 (full 2):
 PSYoungGen      total 396800K, used 22512K [0x000000076ab00000, 0x0000000786080000, 0x00000007c0000000)
  eden space 374272K, 0% used [0x000000076ab00000,0x000000076ab00000,0x0000000781880000)
  from space 22528K, 99% used [0x0000000783280000,0x000000078487c070,0x0000000784880000)
  to   space 26624K, 0% used [0x0000000781880000,0x0000000781880000,0x0000000783280000)
 ParOldGen       total 156160K, used 34670K [0x00000006c0000000, 0x00000006c9880000, 0x000000076ab00000)
  object space 156160K, 22% used [0x00000006c0000000,0x00000006c21db970,0x00000006c9880000)
 Metaspace       used 58194K, capacity 58838K, committed 59160K, reserved 1101824K
  class space    used 7424K, capacity 7570K, committed 7592K, reserved 1048576K
}
Event: 9.522 GC heap before
{Heap before GC invocations=13 (full 3):
 PSYoungGen      total 396800K, used 22512K [0x000000076ab00000, 0x0000000786080000, 0x00000007c0000000)
  eden space 374272K, 0% used [0x000000076ab00000,0x000000076ab00000,0x0000000781880000)
  from space 22528K, 99% used [0x0000000783280000,0x000000078487c070,0x0000000784880000)
  to   space 26624K, 0% used [0x0000000781880000,0x0000000781880000,0x0000000783280000)
 ParOldGen       total 156160K, used 34670K [0x00000006c0000000, 0x00000006c9880000, 0x000000076ab00000)
  object space 156160K, 22% used [0x00000006c0000000,0x00000006c21db970,0x00000006c9880000)
 Metaspace       used 58194K, capacity 58838K, committed 59160K, reserved 1101824K
  class space    used 7424K, capacity 7570K, committed 7592K, reserved 1048576K
Event: 9.664 GC heap after
Heap after GC invocations=13 (full 3):
 PSYoungGen      total 396800K, used 0K [0x000000076ab00000, 0x0000000786080000, 0x00000007c0000000)
  eden space 374272K, 0% used [0x000000076ab00000,0x000000076ab00000,0x0000000781880000)
  from space 22528K, 0% used [0x0000000783280000,0x0000000783280000,0x0000000784880000)
  to   space 26624K, 0% used [0x0000000781880000,0x0000000781880000,0x0000000783280000)
 ParOldGen       total 228864K, used 40013K [0x00000006c0000000, 0x00000006cdf80000, 0x000000076ab00000)
  object space 228864K, 17% used [0x00000006c0000000,0x00000006c2713568,0x00000006cdf80000)
 Metaspace       used 58194K, capacity 58838K, committed 59160K, reserved 1101824K
  class space    used 7424K, capacity 7570K, committed 7592K, reserved 1048576K
}

Deoptimization events (10 events):
Event: 9.472 Thread 0x00007fa70b002000 Uncommon trap: reason=bimorphic action=maybe_recompile pc=0x000000010ddbc7e8 method=java.util.regex.Pattern$CharProperty.match(Ljava/util/regex/Matcher;ILjava/lang/CharSequence;)Z @ 37
Event: 9.472 Thread 0x00007fa70b002000 Uncommon trap: reason=bimorphic action=maybe_recompile pc=0x000000010ddbc7e8 method=java.util.regex.Pattern$CharProperty.match(Ljava/util/regex/Matcher;ILjava/lang/CharSequence;)Z @ 37
Event: 9.472 Thread 0x00007fa70b002000 Uncommon trap: reason=bimorphic action=maybe_recompile pc=0x000000010ddbc7e8 method=java.util.regex.Pattern$CharProperty.match(Ljava/util/regex/Matcher;ILjava/lang/CharSequence;)Z @ 37
Event: 9.472 Thread 0x00007fa70b002000 Uncommon trap: reason=bimorphic action=maybe_recompile pc=0x000000010ddbc7e8 method=java.util.regex.Pattern$CharProperty.match(Ljava/util/regex/Matcher;ILjava/lang/CharSequence;)Z @ 37
Event: 9.680 Thread 0x00007fa70b002000 Uncommon trap: reason=unstable_if action=reinterpret pc=0x000000010dca8518 method=java.lang.String.indexOf([CII[CIII)I @ 27
Event: 9.685 Thread 0x00007fa70b002000 Uncommon trap: reason=unstable_if action=reinterpret pc=0x000000010dbd955c method=java.net.URI.match(CJJ)Z @ 45
Event: 9.690 Thread 0x00007fa70b002000 Uncommon trap: reason=unstable_if action=reinterpret pc=0x000000010e72739c method=org.springframework.asm.MethodWriter.visitLabel(Lorg/springframework/asm/Label;)V @ 45
Event: 9.690 Thread 0x00007fa70b002000 Uncommon trap: reason=unstable_if action=reinterpret pc=0x000000010e162128 method=org.springframework.asm.MethodWriter.visitMaxs(II)V @ 4
Event: 9.706 Thread 0x00007fa70b002000 Uncommon trap: reason=class_check action=maybe_recompile pc=0x000000010e685cc4 method=org.springframework.core.ResolvableType.getRawClass()Ljava/lang/Class; @ 22
Event: 9.937 Thread 0x00007fa70b002000 Uncommon trap: reason=class_check action=maybe_recompile pc=0x000000010e685cc4 method=org.springframework.core.ResolvableType.getRawClass()Ljava/lang/Class; @ 22

Internal exceptions (10 events):
Event: 9.840 Thread 0x00007fa70b002000 Exception <a 'java/lang/ClassNotFoundException': org/springframework/hateoas/hal/Jackson2HalModule$HalLinkListDeserializerBeanInfo> (0x000000076bf82860) thrown at [/HUDSON3/workspace/8-2-build-macosx-x86_64/jdk8u66/4988/hotspot/src/share/vm/classfile/syst
Event: 9.840 Thread 0x00007fa70b002000 Exception <a 'java/lang/ClassNotFoundException': com/fasterxml/jackson/databind/deser/std/ContainerDeserializerBaseBeanInfo> (0x000000076bfac9e0) thrown at [/HUDSON3/workspace/8-2-build-macosx-x86_64/jdk8u66/4988/hotspot/src/share/vm/classfile/systemDicti
Event: 9.841 Thread 0x00007fa70b002000 Exception <a 'java/lang/ClassNotFoundException': com/fasterxml/jackson/databind/deser/std/StdDeserializerBeanInfo> (0x000000076bfd3860) thrown at [/HUDSON3/workspace/8-2-build-macosx-x86_64/jdk8u66/4988/hotspot/src/share/vm/classfile/systemDictionary.cpp,
Event: 9.841 Thread 0x00007fa70b002000 Exception <a 'java/lang/ClassNotFoundException': com/fasterxml/jackson/databind/JsonDeserializerBeanInfo> (0x000000076bff6ec0) thrown at [/HUDSON3/workspace/8-2-build-macosx-x86_64/jdk8u66/4988/hotspot/src/share/vm/classfile/systemDictionary.cpp, line 210
Event: 9.841 Thread 0x00007fa70b002000 Exception <a 'java/lang/ClassNotFoundException': com/fasterxml/jackson/databind/JsonDeserializerCustomizer> (0x000000076c01ad28) thrown at [/HUDSON3/workspace/8-2-build-macosx-x86_64/jdk8u66/4988/hotspot/src/share/vm/classfile/systemDictionary.cpp, line 2
Event: 9.842 Thread 0x00007fa70b002000 Exception <a 'java/lang/ClassNotFoundException': com/fasterxml/jackson/databind/deser/std/StdDeserializerCustomizer> (0x000000076c058bc0) thrown at [/HUDSON3/workspace/8-2-build-macosx-x86_64/jdk8u66/4988/hotspot/src/share/vm/classfile/systemDictionary.cp
Event: 9.843 Thread 0x00007fa70b002000 Exception <a 'java/lang/ClassNotFoundException': com/fasterxml/jackson/databind/deser/std/ContainerDeserializerBaseCustomizer> (0x000000076c090b80) thrown at [/HUDSON3/workspace/8-2-build-macosx-x86_64/jdk8u66/4988/hotspot/src/share/vm/classfile/systemDic
Event: 9.843 Thread 0x00007fa70b002000 Exception <a 'java/lang/ClassNotFoundException': org/springframework/hateoas/hal/Jackson2HalModule$HalLinkListDeserializerCustomizer> (0x000000076c0cb400) thrown at [/HUDSON3/workspace/8-2-build-macosx-x86_64/jdk8u66/4988/hotspot/src/share/vm/classfile/sy
Event: 9.844 Thread 0x00007fa70b002000 Exception <a 'java/lang/ClassNotFoundException': java/io/SerializableCustomizer> (0x000000076c0f88e0) thrown at [/HUDSON3/workspace/8-2-build-macosx-x86_64/jdk8u66/4988/hotspot/src/share/vm/classfile/systemDictionary.cpp, line 210]
Event: 9.887 Thread 0x00007fa70b002000 Exception <a 'java/lang/ClassNotFoundException': com/purplepip/odin/sequence/layer/MutableLayerCustomizer> (0x000000076c4d2fe0) thrown at [/HUDSON3/workspace/8-2-build-macosx-x86_64/jdk8u66/4988/hotspot/src/share/vm/classfile/systemDictionary.cpp, line 21

Events (10 events):
Event: 49650.215 Executing VM operation: ChangeBreakpoints
Event: 49650.215 Executing VM operation: ChangeBreakpoints done
Event: 49650.222 Executing VM operation: RedefineClasses
Event: 49650.282 Executing VM operation: RedefineClasses done
Event: 49650.282 Executing VM operation: GetOrSetLocal
Event: 49650.282 Executing VM operation: GetOrSetLocal done
Event: 49650.309 Executing VM operation: ChangeBreakpoints
Event: 49650.314 Executing VM operation: ChangeBreakpoints done
Event: 49650.319 Executing VM operation: ChangeBreakpoints
Event: 49650.320 Executing VM operation: ChangeBreakpoints done


Dynamic libraries:
0x0000000036e02000 	/System/Library/Frameworks/Cocoa.framework/Versions/A/Cocoa
0x0000000036e02000 	/System/Library/Frameworks/Security.framework/Versions/A/Security
0x0000000036e02000 	/System/Library/Frameworks/ApplicationServices.framework/Versions/A/ApplicationServices
0x0000000036e02000 	/usr/lib/libz.1.dylib
0x0000000036e02000 	/usr/lib/libSystem.B.dylib
0x0000000036e02000 	/usr/lib/libobjc.A.dylib
0x0000000036e02000 	/System/Library/Frameworks/CoreFoundation.framework/Versions/A/CoreFoundation
0x0000000036e02000 	/System/Library/Frameworks/Foundation.framework/Versions/C/Foundation
0x0000000036e02000 	/System/Library/Frameworks/AppKit.framework/Versions/C/AppKit
0x0000000036e02000 	/System/Library/Frameworks/CoreData.framework/Versions/A/CoreData
0x0000000036e02000 	/System/Library/PrivateFrameworks/RemoteViewServices.framework/Versions/A/RemoteViewServices
0x0000000036e02000 	/System/Library/PrivateFrameworks/UIFoundation.framework/Versions/A/UIFoundation
0x0000000036e02000 	/System/Library/PrivateFrameworks/DFRFoundation.framework/Versions/A/DFRFoundation
0x0000000036e02000 	/usr/lib/libenergytrace.dylib
0x0000000036e02000 	/System/Library/PrivateFrameworks/SkyLight.framework/Versions/A/SkyLight
0x0000000036e02000 	/System/Library/Frameworks/CoreGraphics.framework/Versions/A/CoreGraphics
0x0000000036e02000 	/usr/lib/libScreenReader.dylib
0x0000000036e02000 	/System/Library/Frameworks/Accelerate.framework/Versions/A/Accelerate
0x0000000036e02000 	/System/Library/Frameworks/IOSurface.framework/Versions/A/IOSurface
0x0000000036e02000 	/System/Library/Frameworks/AudioToolbox.framework/Versions/A/AudioToolbox
0x0000000036e02000 	/System/Library/Frameworks/AudioUnit.framework/Versions/A/AudioUnit
0x0000000036e02000 	/System/Library/PrivateFrameworks/DataDetectorsCore.framework/Versions/A/DataDetectorsCore
0x0000000036e02000 	/System/Library/PrivateFrameworks/DesktopServicesPriv.framework/Versions/A/DesktopServicesPriv
0x0000000036e02000 	/System/Library/Frameworks/Carbon.framework/Versions/A/Frameworks/HIToolbox.framework/Versions/A/HIToolbox
0x0000000036e02000 	/usr/lib/libicucore.A.dylib
0x0000000036e02000 	/System/Library/Frameworks/QuartzCore.framework/Versions/A/QuartzCore
0x0000000036e02000 	/System/Library/Frameworks/Carbon.framework/Versions/A/Frameworks/SpeechRecognition.framework/Versions/A/SpeechRecognition
0x0000000036e02000 	/usr/lib/libauto.dylib
0x0000000036e02000 	/usr/lib/libxml2.2.dylib
0x0000000036e02000 	/System/Library/PrivateFrameworks/CoreUI.framework/Versions/A/CoreUI
0x0000000036e02000 	/System/Library/Frameworks/CoreAudio.framework/Versions/A/CoreAudio
0x0000000036e02000 	/System/Library/Frameworks/DiskArbitration.framework/Versions/A/DiskArbitration
0x0000000036e02000 	/usr/lib/liblangid.dylib
0x0000000036e02000 	/System/Library/PrivateFrameworks/MultitouchSupport.framework/Versions/A/MultitouchSupport
0x0000000036e02000 	/System/Library/Frameworks/IOKit.framework/Versions/A/IOKit
0x0000000036e02000 	/usr/lib/libDiagnosticMessagesClient.dylib
0x0000000036e02000 	/System/Library/Frameworks/CoreServices.framework/Versions/A/CoreServices
0x0000000036e02000 	/System/Library/PrivateFrameworks/PerformanceAnalysis.framework/Versions/A/PerformanceAnalysis
0x0000000036e02000 	/System/Library/PrivateFrameworks/GenerationalStorage.framework/Versions/A/GenerationalStorage
0x0000000036e02000 	/System/Library/Frameworks/OpenGL.framework/Versions/A/OpenGL
0x0000000036e02000 	/System/Library/Frameworks/CoreImage.framework/Versions/A/CoreImage
0x0000000036e02000 	/System/Library/Frameworks/CoreText.framework/Versions/A/CoreText
0x0000000036e02000 	/System/Library/Frameworks/ImageIO.framework/Versions/A/ImageIO
0x0000000036e02000 	/System/Library/PrivateFrameworks/Backup.framework/Versions/A/Backup
0x0000000036e02000 	/usr/lib/libarchive.2.dylib
0x0000000036e02000 	/System/Library/Frameworks/CFNetwork.framework/Versions/A/CFNetwork
0x0000000036e02000 	/System/Library/Frameworks/SystemConfiguration.framework/Versions/A/SystemConfiguration
0x0000000036e02000 	/usr/lib/libCRFSuite.dylib
0x0000000036e02000 	/usr/lib/libc++.1.dylib
0x0000000036e02000 	/usr/lib/libc++abi.dylib
0x0000000036e02000 	/usr/lib/system/libcache.dylib
0x0000000036e02000 	/usr/lib/system/libcommonCrypto.dylib
0x0000000036e02000 	/usr/lib/system/libcompiler_rt.dylib
0x0000000036e02000 	/usr/lib/system/libcopyfile.dylib
0x0000000036e02000 	/usr/lib/system/libcorecrypto.dylib
0x0000000036e02000 	/usr/lib/system/libdispatch.dylib
0x0000000036e02000 	/usr/lib/system/libdyld.dylib
0x0000000036e02000 	/usr/lib/system/libkeymgr.dylib
0x0000000036e02000 	/usr/lib/system/liblaunch.dylib
0x0000000036e02000 	/usr/lib/system/libmacho.dylib
0x0000000036e02000 	/usr/lib/system/libquarantine.dylib
0x0000000036e02000 	/usr/lib/system/libremovefile.dylib
0x0000000036e02000 	/usr/lib/system/libsystem_asl.dylib
0x0000000036e02000 	/usr/lib/system/libsystem_blocks.dylib
0x0000000036e02000 	/usr/lib/system/libsystem_c.dylib
0x0000000036e02000 	/usr/lib/system/libsystem_configuration.dylib
0x0000000036e02000 	/usr/lib/system/libsystem_coreservices.dylib
0x0000000036e02000 	/usr/lib/system/libsystem_coretls.dylib
0x0000000036e02000 	/usr/lib/system/libsystem_dnssd.dylib
0x0000000036e02000 	/usr/lib/system/libsystem_info.dylib
0x0000000036e02000 	/usr/lib/system/libsystem_kernel.dylib
0x0000000036e02000 	/usr/lib/system/libsystem_m.dylib
0x0000000036e02000 	/usr/lib/system/libsystem_malloc.dylib
0x0000000036e02000 	/usr/lib/system/libsystem_network.dylib
0x0000000036e02000 	/usr/lib/system/libsystem_networkextension.dylib
0x0000000036e02000 	/usr/lib/system/libsystem_notify.dylib
0x0000000036e02000 	/usr/lib/system/libsystem_platform.dylib
0x0000000036e02000 	/usr/lib/system/libsystem_pthread.dylib
0x0000000036e02000 	/usr/lib/system/libsystem_sandbox.dylib
0x0000000036e02000 	/usr/lib/system/libsystem_secinit.dylib
0x0000000036e02000 	/usr/lib/system/libsystem_symptoms.dylib
0x0000000036e02000 	/usr/lib/system/libsystem_trace.dylib
0x0000000036e02000 	/usr/lib/system/libunwind.dylib
0x0000000036e02000 	/usr/lib/system/libxpc.dylib
0x0000000036e02000 	/usr/lib/libbsm.0.dylib
0x0000000036e02000 	/usr/lib/system/libkxld.dylib
0x0000000036e02000 	/usr/lib/libcoretls.dylib
0x0000000036e02000 	/usr/lib/libcoretls_cfhelpers.dylib
0x0000000036e02000 	/usr/lib/libOpenScriptingUtil.dylib
0x0000000036e02000 	/usr/lib/libpam.2.dylib
0x0000000036e02000 	/usr/lib/libsqlite3.dylib
0x0000000036e02000 	/usr/lib/libxar.1.dylib
0x0000000036e02000 	/usr/lib/libbz2.1.0.dylib
0x0000000036e02000 	/usr/lib/liblzma.5.dylib
0x0000000036e02000 	/usr/lib/libnetwork.dylib
0x0000000036e02000 	/usr/lib/libpcap.A.dylib
0x0000000036e02000 	/System/Library/Frameworks/CoreServices.framework/Versions/A/Frameworks/FSEvents.framework/Versions/A/FSEvents
0x0000000036e02000 	/System/Library/Frameworks/CoreServices.framework/Versions/A/Frameworks/CarbonCore.framework/Versions/A/CarbonCore
0x0000000036e02000 	/System/Library/Frameworks/CoreServices.framework/Versions/A/Frameworks/Metadata.framework/Versions/A/Metadata
0x0000000036e02000 	/System/Library/Frameworks/CoreServices.framework/Versions/A/Frameworks/OSServices.framework/Versions/A/OSServices
0x0000000036e02000 	/System/Library/Frameworks/CoreServices.framework/Versions/A/Frameworks/SearchKit.framework/Versions/A/SearchKit
0x0000000036e02000 	/System/Library/Frameworks/CoreServices.framework/Versions/A/Frameworks/AE.framework/Versions/A/AE
0x0000000036e02000 	/System/Library/Frameworks/CoreServices.framework/Versions/A/Frameworks/LaunchServices.framework/Versions/A/LaunchServices
0x0000000036e02000 	/System/Library/Frameworks/CoreServices.framework/Versions/A/Frameworks/DictionaryServices.framework/Versions/A/DictionaryServices
0x0000000036e02000 	/System/Library/Frameworks/CoreServices.framework/Versions/A/Frameworks/SharedFileList.framework/Versions/A/SharedFileList
0x0000000036e02000 	/System/Library/Frameworks/NetFS.framework/Versions/A/NetFS
0x0000000036e02000 	/System/Library/PrivateFrameworks/NetAuth.framework/Versions/A/NetAuth
0x0000000036e02000 	/System/Library/PrivateFrameworks/login.framework/Versions/A/Frameworks/loginsupport.framework/Versions/A/loginsupport
0x0000000036e02000 	/System/Library/PrivateFrameworks/TCC.framework/Versions/A/TCC
0x0000000036e02000 	/usr/lib/libmecabra.dylib
0x0000000036e02000 	/System/Library/Frameworks/ApplicationServices.framework/Versions/A/Frameworks/ATS.framework/Versions/A/ATS
0x0000000036e02000 	/System/Library/Frameworks/ApplicationServices.framework/Versions/A/Frameworks/ColorSync.framework/Versions/A/ColorSync
0x0000000036e02000 	/System/Library/Frameworks/ApplicationServices.framework/Versions/A/Frameworks/HIServices.framework/Versions/A/HIServices
0x0000000036e02000 	/System/Library/Frameworks/ApplicationServices.framework/Versions/A/Frameworks/LangAnalysis.framework/Versions/A/LangAnalysis
0x0000000036e02000 	/System/Library/Frameworks/ApplicationServices.framework/Versions/A/Frameworks/PrintCore.framework/Versions/A/PrintCore
0x0000000036e02000 	/System/Library/Frameworks/ApplicationServices.framework/Versions/A/Frameworks/QD.framework/Versions/A/QD
0x0000000036e02000 	/System/Library/Frameworks/ApplicationServices.framework/Versions/A/Frameworks/SpeechSynthesis.framework/Versions/A/SpeechSynthesis
0x0000000036e02000 	/System/Library/Frameworks/Accelerate.framework/Versions/A/Frameworks/vImage.framework/Versions/A/vImage
0x0000000036e02000 	/System/Library/Frameworks/Accelerate.framework/Versions/A/Frameworks/vecLib.framework/Versions/A/vecLib
0x0000000036e02000 	/System/Library/Frameworks/Accelerate.framework/Versions/A/Frameworks/vecLib.framework/Versions/A/libvDSP.dylib
0x0000000036e02000 	/System/Library/Frameworks/Accelerate.framework/Versions/A/Frameworks/vecLib.framework/Versions/A/libBNNS.dylib
0x0000000036e02000 	/System/Library/Frameworks/Accelerate.framework/Versions/A/Frameworks/vecLib.framework/Versions/A/libQuadrature.dylib
0x0000000036e02000 	/System/Library/Frameworks/Accelerate.framework/Versions/A/Frameworks/vecLib.framework/Versions/A/libvMisc.dylib
0x0000000036e02000 	/System/Library/Frameworks/Accelerate.framework/Versions/A/Frameworks/vecLib.framework/Versions/A/libLAPACK.dylib
0x0000000036e02000 	/System/Library/Frameworks/Accelerate.framework/Versions/A/Frameworks/vecLib.framework/Versions/A/libBLAS.dylib
0x0000000036e02000 	/System/Library/Frameworks/Accelerate.framework/Versions/A/Frameworks/vecLib.framework/Versions/A/libLinearAlgebra.dylib
0x0000000036e02000 	/System/Library/Frameworks/Accelerate.framework/Versions/A/Frameworks/vecLib.framework/Versions/A/libSparseBLAS.dylib
0x0000000036e02000 	/System/Library/Frameworks/ApplicationServices.framework/Versions/A/Frameworks/ATS.framework/Versions/A/Resources/libFontParser.dylib
0x0000000036e02000 	/System/Library/Frameworks/ApplicationServices.framework/Versions/A/Frameworks/ATS.framework/Versions/A/Resources/libFontRegistry.dylib
0x0000000036e02000 	/System/Library/Frameworks/ImageIO.framework/Versions/A/Resources/libJPEG.dylib
0x0000000036e02000 	/System/Library/Frameworks/ImageIO.framework/Versions/A/Resources/libTIFF.dylib
0x0000000036e02000 	/System/Library/Frameworks/ImageIO.framework/Versions/A/Resources/libPng.dylib
0x0000000036e02000 	/System/Library/Frameworks/ImageIO.framework/Versions/A/Resources/libGIF.dylib
0x0000000036e02000 	/System/Library/Frameworks/ImageIO.framework/Versions/A/Resources/libJP2.dylib
0x0000000036e02000 	/System/Library/Frameworks/ImageIO.framework/Versions/A/Resources/libRadiance.dylib
0x0000000036e02000 	/usr/lib/libcompression.dylib
0x0000000036e02000 	/System/Library/PrivateFrameworks/AppleJPEG.framework/Versions/A/AppleJPEG
0x0000000036e02000 	/usr/lib/libcups.2.dylib
0x0000000036e02000 	/System/Library/Frameworks/Kerberos.framework/Versions/A/Kerberos
0x0000000036e02000 	/System/Library/Frameworks/GSS.framework/Versions/A/GSS
0x0000000036e02000 	/usr/lib/libresolv.9.dylib
0x0000000036e02000 	/usr/lib/libiconv.2.dylib
0x0000000036e02000 	/System/Library/PrivateFrameworks/Heimdal.framework/Versions/A/Heimdal
0x0000000036e02000 	/usr/lib/libheimdal-asn1.dylib
0x0000000036e02000 	/System/Library/Frameworks/OpenDirectory.framework/Versions/A/OpenDirectory
0x0000000036e02000 	/System/Library/PrivateFrameworks/CommonAuth.framework/Versions/A/CommonAuth
0x0000000036e02000 	/System/Library/Frameworks/OpenDirectory.framework/Versions/A/Frameworks/CFOpenDirectory.framework/Versions/A/CFOpenDirectory
0x0000000036e02000 	/System/Library/Frameworks/SecurityFoundation.framework/Versions/A/SecurityFoundation
0x0000000036e02000 	/System/Library/PrivateFrameworks/LanguageModeling.framework/Versions/A/LanguageModeling
0x0000000036e02000 	/usr/lib/libmarisa.dylib
0x0000000036e02000 	/usr/lib/libChineseTokenizer.dylib
0x0000000036e02000 	/usr/lib/libcmph.dylib
0x0000000036e02000 	/System/Library/PrivateFrameworks/CoreEmoji.framework/Versions/A/CoreEmoji
0x0000000036e02000 	/System/Library/Frameworks/ServiceManagement.framework/Versions/A/ServiceManagement
0x0000000036e02000 	/usr/lib/libxslt.1.dylib
0x0000000036e02000 	/System/Library/Frameworks/Carbon.framework/Versions/A/Frameworks/Ink.framework/Versions/A/Ink
0x0000000036e02000 	/System/Library/PrivateFrameworks/TextureIO.framework/Versions/A/TextureIO
0x0000000036e02000 	/System/Library/Frameworks/Metal.framework/Versions/A/Metal
0x0000000036e02000 	/usr/lib/libate.dylib
0x0000000036e02000 	/System/Library/PrivateFrameworks/GPUCompiler.framework/libmetal_timestamp.dylib
0x0000000036e02000 	/System/Library/Frameworks/OpenGL.framework/Versions/A/Libraries/libCoreFSCache.dylib
0x0000000036e02000 	/System/Library/PrivateFrameworks/IOAccelerator.framework/Versions/A/IOAccelerator
0x0000000036e02000 	/System/Library/Frameworks/CoreVideo.framework/Versions/A/CoreVideo
0x0000000036e02000 	/usr/lib/libFosl_dynamic.dylib
0x0000000036e02000 	/System/Library/PrivateFrameworks/MetalPerformanceShaders.framework/Versions/A/MetalPerformanceShaders
0x0000000036e02000 	/System/Library/PrivateFrameworks/FaceCore.framework/Versions/A/FaceCore
0x0000000036e02000 	/System/Library/Frameworks/OpenCL.framework/Versions/A/OpenCL
0x0000000036e02000 	/System/Library/Frameworks/OpenGL.framework/Versions/A/Libraries/libGLU.dylib
0x0000000036e02000 	/System/Library/Frameworks/OpenGL.framework/Versions/A/Libraries/libGFXShared.dylib
0x0000000036e02000 	/System/Library/Frameworks/OpenGL.framework/Versions/A/Libraries/libGL.dylib
0x0000000036e02000 	/System/Library/Frameworks/OpenGL.framework/Versions/A/Libraries/libGLImage.dylib
0x0000000036e02000 	/System/Library/Frameworks/OpenGL.framework/Versions/A/Libraries/libCVMSPluginSupport.dylib
0x0000000036e02000 	/System/Library/Frameworks/OpenGL.framework/Versions/A/Libraries/libCoreVMClient.dylib
0x0000000036e02000 	/System/Library/PrivateFrameworks/CrashReporterSupport.framework/Versions/A/CrashReporterSupport
0x0000000036e02000 	/System/Library/PrivateFrameworks/Sharing.framework/Versions/A/Sharing
0x0000000036e02000 	/System/Library/PrivateFrameworks/IconServices.framework/Versions/A/IconServices
0x0000000036e02000 	/System/Library/PrivateFrameworks/ProtocolBuffer.framework/Versions/A/ProtocolBuffer
0x0000000036e02000 	/System/Library/PrivateFrameworks/Apple80211.framework/Versions/A/Apple80211
0x0000000036e02000 	/System/Library/Frameworks/CoreWLAN.framework/Versions/A/CoreWLAN
0x0000000036e02000 	/System/Library/PrivateFrameworks/CoreUtils.framework/Versions/A/CoreUtils
0x0000000036e02000 	/System/Library/Frameworks/IOBluetooth.framework/Versions/A/IOBluetooth
0x0000000036e02000 	/System/Library/PrivateFrameworks/CoreWiFi.framework/Versions/A/CoreWiFi
0x0000000036e02000 	/System/Library/Frameworks/CoreBluetooth.framework/Versions/A/CoreBluetooth
0x0000000036e02000 	/System/Library/Frameworks/CoreDisplay.framework/Versions/A/CoreDisplay
0x0000000036e02000 	/System/Library/PrivateFrameworks/IOPresentment.framework/Versions/A/IOPresentment
0x0000000036e02000 	/System/Library/PrivateFrameworks/DSExternalDisplay.framework/Versions/A/DSExternalDisplay
0x0000000036e02000 	/System/Library/PrivateFrameworks/DebugSymbols.framework/Versions/A/DebugSymbols
0x0000000036e02000 	/System/Library/PrivateFrameworks/CoreSymbolication.framework/Versions/A/CoreSymbolication
0x0000000036e02000 	/System/Library/PrivateFrameworks/Symbolication.framework/Versions/A/Symbolication
0x0000000036e02000 	/System/Library/PrivateFrameworks/AppleFSCompression.framework/Versions/A/AppleFSCompression
0x0000000036e02000 	/System/Library/PrivateFrameworks/SpeechRecognitionCore.framework/Versions/A/SpeechRecognitionCore
0x0000000036e02000 	/System/Library/PrivateFrameworks/ChunkingLibrary.framework/Versions/A/ChunkingLibrary
0x0000000105600000 	/Library/Java/JavaVirtualMachines/jdk1.8.0_66.jdk/Contents/Home/jre/lib/server/libjvm.dylib
0x0000000036e02000 	/usr/lib/libstdc++.6.dylib
0x0000000104522000 	/Library/Java/JavaVirtualMachines/jdk1.8.0_66.jdk/Contents/Home/jre/lib/libverify.dylib
0x0000000104530000 	/Library/Java/JavaVirtualMachines/jdk1.8.0_66.jdk/Contents/Home/jre/lib/libjava.dylib
0x0000000104566000 	/Library/Java/JavaVirtualMachines/jdk1.8.0_66.jdk/Contents/Home/jre/lib/libjdwp.dylib
0x00000001045b1000 	/Library/Java/JavaVirtualMachines/jdk1.8.0_66.jdk/Contents/Home/jre/lib/libnpt.dylib
0x00000001045be000 	/Library/Java/JavaVirtualMachines/jdk1.8.0_66.jdk/Contents/Home/jre/lib/libzip.dylib
0x000000010a613000 	/System/Library/Frameworks/JavaVM.framework/Frameworks/JavaRuntimeSupport.framework/JavaRuntimeSupport
0x000000010a62d000 	/System/Library/Frameworks/JavaVM.framework/Versions/A/Frameworks/JavaNativeFoundation.framework/Versions/A/JavaNativeFoundation
0x00000001045f0000 	/System/Library/Frameworks/JavaVM.framework/Versions/A/JavaVM
0x0000000036e02000 	/System/Library/Frameworks/Carbon.framework/Versions/A/Carbon
0x000000010a642000 	/System/Library/PrivateFrameworks/JavaLaunching.framework/Versions/A/JavaLaunching
0x0000000036e02000 	/System/Library/Frameworks/Carbon.framework/Versions/A/Frameworks/CommonPanels.framework/Versions/A/CommonPanels
0x0000000036e02000 	/System/Library/Frameworks/Carbon.framework/Versions/A/Frameworks/Help.framework/Versions/A/Help
0x0000000036e02000 	/System/Library/Frameworks/Carbon.framework/Versions/A/Frameworks/ImageCapture.framework/Versions/A/ImageCapture
0x0000000036e02000 	/System/Library/Frameworks/Carbon.framework/Versions/A/Frameworks/OpenScripting.framework/Versions/A/OpenScripting
0x0000000036e02000 	/System/Library/Frameworks/Carbon.framework/Versions/A/Frameworks/Print.framework/Versions/A/Print
0x0000000036e02000 	/System/Library/Frameworks/Carbon.framework/Versions/A/Frameworks/SecurityHI.framework/Versions/A/SecurityHI
0x000000010bf4f000 	/Library/Java/JavaVirtualMachines/jdk1.8.0_66.jdk/Contents/Home/jre/lib/libdt_socket.dylib
0x000000010c5ed000 	/Library/Java/JavaVirtualMachines/jdk1.8.0_66.jdk/Contents/Home/jre/lib/libmanagement.dylib
0x000000010c631000 	/Library/Java/JavaVirtualMachines/jdk1.8.0_66.jdk/Contents/Home/jre/lib/libnet.dylib
0x000000010c46d000 	/Library/Java/JavaVirtualMachines/jdk1.8.0_66.jdk/Contents/Home/jre/lib/libnio.dylib
0x000000010c47d000 	/Library/Java/JavaVirtualMachines/jdk1.8.0_66.jdk/Contents/Home/jre/lib/libjsound.dylib
0x000000010ccfe000 	/System/Library/Frameworks/CoreMIDI.framework/Versions/A/CoreMIDI
0x000000010c59f000 	/usr/lib/libexpat.1.dylib
0x000000010c490000 	/System/Library/Extensions/AppleHDA.kext/Contents/PlugIns/AppleHDAHALPlugIn.bundle/Contents/MacOS/AppleHDAHALPlugIn
0x000000010c512000 	/Library/Audio/Plug-Ins/HAL/BartenderAudioPlugIn.plugin/Contents/MacOS/BartenderAudioPlugIn
0x000000010c417000 	/Library/Java/JavaVirtualMachines/jdk1.8.0_66.jdk/Contents/Home/jre/lib/libosx.dylib
0x000000010c425000 	/Library/Java/JavaVirtualMachines/jdk1.8.0_66.jdk/Contents/Home/jre/lib/./libosxapp.dylib
0x0000000036e02000 	/System/Library/Frameworks/ExceptionHandling.framework/Versions/A/ExceptionHandling
0x000000010d6c9000 	/System/Library/Components/CoreAudio.component/Contents/MacOS/CoreAudio

VM Arguments:
jvm_args: -agentlib:jdwp=transport=dt_socket,address=127.0.0.1:54920,suspend=y,server=n -ea -Didea.test.cyclic.buffer.size=1048576 -Dfile.encoding=UTF-8 
java_command: com.intellij.rt.execution.junit.JUnitStarter -ideVersion5 com.purplepip.odin.server.rest.LayerRestTest,testCreateAndDeleteLayer
java_class_path (initial): /Applications/IntelliJ IDEA CE.app/Contents/lib/idea_rt.jar:/Applications/IntelliJ IDEA CE.app/Contents/plugins/junit/lib/junit-rt.jar:/Library/Java/JavaVirtualMachines/jdk1.8.0_66.jdk/Contents/Home/jre/lib/charsets.jar:/Library/Java/JavaVirtualMachines/jdk1.8.0_66.jdk/Contents/Home/jre/lib/deploy.jar:/Library/Java/JavaVirtualMachines/jdk1.8.0_66.jdk/Contents/Home/jre/lib/ext/cldrdata.jar:/Library/Java/JavaVirtualMachines/jdk1.8.0_66.jdk/Contents/Home/jre/lib/ext/dnsns.jar:/Library/Java/JavaVirtualMachines/jdk1.8.0_66.jdk/Contents/Home/jre/lib/ext/jaccess.jar:/Library/Java/JavaVirtualMachines/jdk1.8.0_66.jdk/Contents/Home/jre/lib/ext/jfxrt.jar:/Library/Java/JavaVirtualMachines/jdk1.8.0_66.jdk/Contents/Home/jre/lib/ext/localedata.jar:/Library/Java/JavaVirtualMachines/jdk1.8.0_66.jdk/Contents/Home/jre/lib/ext/nashorn.jar:/Library/Java/JavaVirtualMachines/jdk1.8.0_66.jdk/Contents/Home/jre/lib/ext/sunec.jar:/Library/Java/JavaVirtualMachines/jdk1.8.0_66.jdk/Contents/Home/jre/lib/ext/sunjce_provider.jar:/Library/Java/JavaVirtualMachines/jdk1.8.0_66.jdk/Contents/Home/jre/lib/ext/sunpkcs11.jar:/Library/Java/JavaVirtualMachines/jdk1.8.0_66.jdk/Contents/Home/jre/lib/ext/zipfs.jar:/Library/Java/JavaVirtualMachines/jdk1.8.0_66.jdk/Contents/Home/jre/lib/javaws.jar:/Library/Java/JavaVirtualMachines/jdk1.8.0_66.jdk/Contents/Home/jre/lib/jce.jar:/Library/Java/JavaVirtualMachines/jdk1.8.0_66.jdk/Contents/Home/jre/lib/jfr.jar:/Library/Java/JavaVirtualMachines/jdk1.8.0_66.jdk/Contents/Home/jre/lib/jfxswt.jar:/Library/Java/JavaVirtualMachines/jdk1.8.0_66.jdk/Contents/Home/jre/lib/jsse.jar:/Library/Java/JavaVirtualMachines/jdk1.8.0_66.jdk/Contents/Home/jre/lib/management-agent.jar:/Library/Java/JavaVirtualMachines/jdk1.8.0_66.jdk/Contents/Home/jre/lib/plugin.jar:/Library/Java/JavaVirtualMachines/jdk1.8.0_66.jdk/Contents/Home/jre/lib/resources.jar:/Library/Java/JavaVirtualMachines/jdk1.8.0_66.jdk/Contents/Home/jre/lib/rt.jar:/Library/Java/JavaVirtualMachines/
Launcher Type: SUN_STANDARD

Environment Variables:
PATH=/Users/ian/.rbenv/shims:/Users/ian/.jenv/shims:/Users/ian/.jenv/shims:/usr/local/bin:/usr/bin:/bin:/usr/sbin:/sbin:/opt/X11/bin:/Users/ian/Google Drive/source/bin
SHELL=/bin/bash
DISPLAY=:0.0

Signal Handlers:
SIGSEGV: [libjvm.dylib+0x5a65d5], sa_mask[0]=11111111011111110111111111111111, sa_flags=SA_ONSTACK|SA_RESTART|SA_SIGINFO
SIGBUS: [libjvm.dylib+0x5a65d5], sa_mask[0]=11111111011111110111111111111111, sa_flags=SA_RESTART|SA_SIGINFO
SIGFPE: [libjvm.dylib+0x4802e8], sa_mask[0]=11111111011111110111111111111111, sa_flags=SA_RESTART|SA_SIGINFO
SIGPIPE: [libjvm.dylib+0x4802e8], sa_mask[0]=11111111011111110111111111111111, sa_flags=SA_RESTART|SA_SIGINFO
SIGXFSZ: [libjvm.dylib+0x4802e8], sa_mask[0]=11111111011111110111111111111111, sa_flags=SA_RESTART|SA_SIGINFO
SIGILL: [libjvm.dylib+0x4802e8], sa_mask[0]=11111111011111110111111111111111, sa_flags=SA_RESTART|SA_SIGINFO
SIGUSR1: SIG_DFL, sa_mask[0]=00000000000000000000000000000000, sa_flags=none
SIGUSR2: [libjvm.dylib+0x47fe06], sa_mask[0]=00100000000000000000000000000000, sa_flags=SA_RESTART|SA_SIGINFO
SIGHUP: [libjvm.dylib+0x47e3dd], sa_mask[0]=11111111011111110111111111111111, sa_flags=SA_RESTART|SA_SIGINFO
SIGINT: [libjvm.dylib+0x47e3dd], sa_mask[0]=11111111011111110111111111111111, sa_flags=SA_RESTART|SA_SIGINFO
SIGTERM: [libjvm.dylib+0x47e3dd], sa_mask[0]=11111111011111110111111111111111, sa_flags=SA_RESTART|SA_SIGINFO
SIGQUIT: [libjvm.dylib+0x47e3dd], sa_mask[0]=11111111011111110111111111111111, sa_flags=SA_RESTART|SA_SIGINFO


---------------  S Y S T E M  ---------------

OS:Bsduname:Darwin 16.7.0 Darwin Kernel Version 16.7.0: Thu Jun 15 17:36:27 PDT 2017; root:xnu-3789.70.16~2/RELEASE_X86_64 x86_64
rlimit: STACK 8192k, CORE 0k, NPROC 709, NOFILE 10240, AS infinity
load average:3.17 4.18 4.39

CPU:total 8 (4 cores per cpu, 2 threads per core) family 6 model 70 stepping 1, cmov, cx8, fxsr, mmx, sse, sse2, sse3, ssse3, sse4.1, sse4.2, popcnt, avx, avx2, aes, clmul, erms, rtm, lzcnt, ht, tsc, tscinvbit, bmi1, bmi2

Memory: 4k page, physical 16777216k(1580892k free)

/proc/meminfo:


vm_info: Java HotSpot(TM) 64-Bit Server VM (25.66-b17) for bsd-amd64 JRE (1.8.0_66-b17), built on Oct  6 2015 16:09:13 by "java_re" with gcc 4.2.1 (Based on Apple Inc. build 5658) (LLVM build 2336.11.00)

time: Fri Aug 18 18:31:54 2017
elapsed time: 49650 seconds (0d 13h 47m 30s)

