#
# A fatal error has been detected by the Java Runtime Environment:
#
#  SIGSEGV (0xb) at pc=0x00000001050461b0, pid=47874, tid=15367
#
# JRE version: Java(TM) SE Runtime Environment (8.0_66-b17) (build 1.8.0_66-b17)
# Java VM: Java HotSpot(TM) 64-Bit Server VM (25.66-b17 mixed mode bsd-amd64 compressed oops)
# Problematic frame:
# V  [libjvm.dylib+0x4461b0]  Method::checked_resolve_jmethod_id(_jmethodID*)+0xe
#
# Failed to write core dump. Core dumps have been disabled. To enable core dumping, try "ulimit -c unlimited" before starting Java again
#
# If you would like to submit a bug report, please visit:
#   http://bugreport.java.com/bugreport/crash.jsp
#

---------------  T H R E A D  ---------------

Current thread (0x00007fb8df807800):  JavaThread "JDWP Transport Listener: dt_socket" daemon [_thread_in_vm, id=15367, stack(0x0000700009825000,0x0000700009925000)]

siginfo: si_signo: 11 (SIGSEGV), si_code: 0 (unknown), si_addr: 0x0000000000000000

Registers:
RAX=0x0000000000000001, RBX=0x0000700009924a8b, RCX=0x0000000105414310, RDX=0x0000700009924a8b
RSP=0x00007000099249d0, RBP=0x00007000099249e0, RSI=0x00007fb8df807800, RDI=0x7665005a293b7373
R8 =0x0000000000000001, R9 =0x00007fb8dcc4ea20, R10=0x000007fb8dcc1aa6, R11=0x0000000000000002
R12=0x00007fb8df807800, R13=0x7665005a293b7373, R14=0x7665005a293b7373, R15=0x00007fb8dcf026b0
RIP=0x00000001050461b0, EFLAGS=0x0000000000010202, ERR=0x0000000000000000
  TRAPNO=0x000000000000000d

Top of Stack: (sp=0x00007000099249d0)
0x00007000099249d0:   0000700009924a8b 0000700009924a8b
0x00007000099249e0:   0000700009924a40 0000000104f552be
0x00007000099249f0:   00007fb8df807800 0000000000000000
0x0000700009924a00:   0000000000000000 0000000000000000
0x0000700009924a10:   00007fb8df807800 00007fb8df807800
0x0000700009924a20:   0000700009924a8b 0000700009924a90
0x0000700009924a30:   7665005a293b7373 0000000000000004
0x0000700009924a40:   0000700009924a60 0000000103bd4780
0x0000700009924a50:   0000000000000001 0000700009924b08
0x0000700009924a60:   0000700009924ad0 0000000103bb91f3
0x0000700009924a70:   0000700009924aa0 00007fb8dcc170e0
0x0000700009924a80:   0000000500000032 0000000100924b08
0x0000700009924a90:   0000000000000000 0000000000000000
0x0000700009924aa0:   0000000000000000 0000700009924c90
0x0000700009924ab0:   0000000103bdbe7a 00007fb8dcc4ed70
0x0000700009924ac0:   0000700009924b08 0000000103be7598
0x0000700009924ad0:   0000700009924ae0 0000000103bb92ec
0x0000700009924ae0:   0000700009924d00 0000000103bc2898
0x0000700009924af0:   00009b2e00000013 00000000000f0200
0x0000700009924b00:   00007fb8dcc16d60 0000700009924c0e
0x0000700009924b10:   0000000000000076 0000700009924b20
0x0000700009924b20:   00000400000000b6 0000700009924b58
0x0000700009924b30:   0000000000000000 00007f0000000000
0x0000700009924b40:   00009b2e000000c1 00007fb800003580
0x0000700009924b50:   0000700009924b58 b87f000005000000
0x0000700009924b60:   06000000f805e1dc 00003e74696e693c
0x0000700009924b70:   0000005629280300 7f00000100000000
0x0000700009924b80:   0000000806e1dcb8 64694d7473657415
0x0000700009924b90:   5765636976654469 0000726570706172
0x0000700009924ba0:   0000005629280300 7f00000100000000
0x0000700009924bb0:   00000068ae35dfb8 6665447473657414
0x0000700009924bc0:   65476f54746c7561 0000006c6c697672 

Instructions: (pc=0x00000001050461b0)
0x0000000105046190:   40 48 48 85 c0 75 e0 30 c0 0f b6 c0 5d c3 31 c0
0x00000001050461a0:   5d c3 55 48 89 e5 53 48 83 ec 08 48 85 ff 74 24
0x00000001050461b0:   48 8b 1f 48 85 db 74 1c 48 83 fb 37 74 16 48 8b
0x00000001050461c0:   03 48 89 df ff 50 10 84 c0 b8 00 00 00 00 48 0f 

Register to memory mapping:

RAX=0x0000000000000001 is an unknown value
RBX=0x0000700009924a8b is pointing into the stack for thread: 0x00007fb8df807800
RCX=0x0000000105414310: UseMembar+0 in /Library/Java/JavaVirtualMachines/jdk1.8.0_66.jdk/Contents/Home/jre/lib/server/libjvm.dylib at 0x0000000104c00000
RDX=0x0000700009924a8b is pointing into the stack for thread: 0x00007fb8df807800
RSP=0x00007000099249d0 is pointing into the stack for thread: 0x00007fb8df807800
RBP=0x00007000099249e0 is pointing into the stack for thread: 0x00007fb8df807800
RSI=0x00007fb8df807800 is a thread
RDI=0x7665005a293b7373 is an unknown value
R8 =0x0000000000000001 is an unknown value
R9 =0x00007fb8dcc4ea20 is an unknown value
R10=0x000007fb8dcc1aa6 is an unknown value
R11=0x0000000000000002 is an unknown value
R12=0x00007fb8df807800 is a thread
R13=0x7665005a293b7373 is an unknown value
R14=0x7665005a293b7373 is an unknown value
R15=0x00007fb8dcf026b0 is an unknown value


Stack: [0x0000700009825000,0x0000700009925000],  sp=0x00007000099249d0,  free space=1022k
Native frames: (J=compiled Java code, j=interpreted, Vv=VM code, C=native code)
V  [libjvm.dylib+0x4461b0]  Method::checked_resolve_jmethod_id(_jmethodID*)+0xe
V  [libjvm.dylib+0x3552be]  jvmti_IsMethodSynthetic+0xb2
C  [libjdwp.dylib+0x20780]  isMethodSynthetic+0x63
C  [libjdwp.dylib+0x51f3]  methods1+0x10b
C  [libjdwp.dylib+0x52ec]  methodsWithGeneric+0xe
C  [libjdwp.dylib+0xe898]  debugLoop_run+0x1ce
C  [libjdwp.dylib+0x1f6ba]  attachThread+0x4d
V  [libjvm.dylib+0x39661c]  JvmtiAgentThread::call_start_function()+0x38
V  [libjvm.dylib+0x560b83]  JavaThread::thread_main_inner()+0x9b
V  [libjvm.dylib+0x56227e]  JavaThread::run()+0x1c2
V  [libjvm.dylib+0x482cd6]  java_start(Thread*)+0xf6
C  [libsystem_pthread.dylib+0x3661]  _pthread_body+0x154
C  [libsystem_pthread.dylib+0x350d]  _pthread_body+0x0
C  [libsystem_pthread.dylib+0x2bf9]  thread_start+0xd
C  0x0000000000000000


---------------  P R O C E S S  ---------------

Java Threads: ( => current thread )
  0x00007fb8dd01d000 JavaThread "Service Thread" daemon [_thread_blocked, id=22019, stack(0x0000700009f3a000,0x000070000a03a000)]
  0x00007fb8de85f000 JavaThread "C1 CompilerThread3" daemon [_thread_blocked, id=43267, stack(0x0000700009e37000,0x0000700009f37000)]
  0x00007fb8de85e800 JavaThread "C2 CompilerThread2" daemon [_thread_blocked, id=16643, stack(0x0000700009d34000,0x0000700009e34000)]
  0x00007fb8de843800 JavaThread "C2 CompilerThread1" daemon [_thread_blocked, id=16387, stack(0x0000700009c31000,0x0000700009d31000)]
  0x00007fb8df84c000 JavaThread "C2 CompilerThread0" daemon [_thread_blocked, id=16131, stack(0x0000700009b2e000,0x0000700009c2e000)]
  0x00007fb8df836800 JavaThread "JDWP Command Reader" daemon [_thread_in_native, id=17411, stack(0x0000700009a2b000,0x0000700009b2b000)]
  0x00007fb8df848800 JavaThread "JDWP Event Helper Thread" daemon [_thread_blocked, id=17923, stack(0x0000700009928000,0x0000700009a28000)]
=>0x00007fb8df807800 JavaThread "JDWP Transport Listener: dt_socket" daemon [_thread_in_vm, id=15367, stack(0x0000700009825000,0x0000700009925000)]
  0x00007fb8e0026800 JavaThread "Signal Dispatcher" daemon [_thread_blocked, id=18187, stack(0x0000700009722000,0x0000700009822000)]
  0x00007fb8df82a800 JavaThread "Finalizer" daemon [_thread_blocked, id=19971, stack(0x000070000961f000,0x000070000971f000)]
  0x00007fb8df829800 JavaThread "Reference Handler" daemon [_thread_blocked, id=20227, stack(0x000070000951c000,0x000070000961c000)]
  0x00007fb8dd00a000 JavaThread "main" [_thread_blocked, id=9475, stack(0x0000700008afe000,0x0000700008bfe000)]

Other Threads:
  0x00007fb8de808000 VMThread [stack: 0x0000700009419000,0x0000700009519000] [id=20739]
  0x00007fb8e024d800 WatcherThread [stack: 0x000070000a03d000,0x000070000a13d000] [id=22275]

VM state:not at safepoint (normal execution)

VM Mutex/Monitor currently owned by a thread: None

Heap:
 PSYoungGen      total 76288K, used 30189K [0x000000076ab00000, 0x0000000770000000, 0x00000007c0000000)
  eden space 65536K, 46% used [0x000000076ab00000,0x000000076c87b7b8,0x000000076eb00000)
  from space 10752K, 0% used [0x000000076f580000,0x000000076f580000,0x0000000770000000)
  to   space 10752K, 0% used [0x000000076eb00000,0x000000076eb00000,0x000000076f580000)
 ParOldGen       total 175104K, used 0K [0x00000006c0000000, 0x00000006cab00000, 0x000000076ab00000)
  object space 175104K, 0% used [0x00000006c0000000,0x00000006c0000000,0x00000006cab00000)
 Metaspace       used 8903K, capacity 9094K, committed 9472K, reserved 1056768K
  class space    used 1089K, capacity 1155K, committed 1280K, reserved 1048576K

Card table byte_map: [0x0000000105ff0000,0x00000001067f1000] byte_map_base: 0x00000001029f0000

Marking Bits: (ParMarkBitMap*) 0x00000001054dde20
 Begin Bits: [0x0000000117462000, 0x000000011b462000)
 End Bits:   [0x000000011b462000, 0x000000011f462000)

Polling page: 0x0000000103bb3000

CodeCache: size=245760Kb used=2854Kb max_used=2868Kb free=242905Kb
 bounds [0x0000000108462000, 0x0000000108742000, 0x0000000117462000]
 total_blobs=946 nmethods=634 adapters=234
 compilation: enabled

Compilation events (10 events):
Event: 0.638 Thread 0x00007fb8de85f000 nmethod 627 0x000000010871c490 code [0x000000010871c9e0, 0x0000000108720158]
Event: 0.638 Thread 0x00007fb8de85f000  629       3       java.io.BufferedReader::readLine (6 bytes)
Event: 0.638 Thread 0x00007fb8de85f000 nmethod 629 0x0000000108722710 code [0x0000000108722880, 0x0000000108722a28]
Event: 0.638 Thread 0x00007fb8de85f000  628       3       java.util.LinkedHashMap::get (33 bytes)
Event: 0.639 Thread 0x00007fb8de85f000 nmethod 628 0x0000000108722ad0 code [0x0000000108722c80, 0x0000000108723188]
Event: 0.642 Thread 0x00007fb8de85e800 nmethod 614 0x0000000108727210 code [0x00000001087274c0, 0x0000000108728798]
Event: 0.642 Thread 0x00007fb8de85e800  631   !   4       java.util.zip.ZipFile::getEntry (86 bytes)
Event: 0.644 Thread 0x00007fb8df84c000 nmethod 615 0x000000010872d050 code [0x000000010872d320, 0x000000010872e478]
Event: 0.644 Thread 0x00007fb8de843800 nmethod 630 0x0000000108726250 code [0x0000000108726420, 0x0000000108726b50]
Event: 0.658 Thread 0x00007fb8de85e800 nmethod 631 0x000000010872fd10 code [0x000000010872ffc0, 0x0000000108731108]

GC Heap History (0 events):
No events

Deoptimization events (1 events):
Event: 0.592 Thread 0x00007fb8dd00a000 Uncommon trap: reason=unstable_if action=reinterpret pc=0x000000010862d0d0 method=sun.misc.MetaIndex.mayContain(Ljava/lang/String;)Z @ 38

Internal exceptions (10 events):
Event: 0.045 Thread 0x00007fb8dd00a000 Exception <a 'java/lang/NoSuchMethodError': Method sun.misc.Unsafe.prefetchRead(Ljava/lang/Object;J)V name or signature does not match> (0x000000076ab131f8) thrown at [/HUDSON3/workspace/8-2-build-macosx-x86_64/jdk8u66/4988/hotspot/src/share/vm/prims/jni.
Event: 0.190 Thread 0x00007fb8dd00a000 Exception <a 'java/io/FileNotFoundException'> (0x000000076b093a68) thrown at [/HUDSON3/workspace/8-2-build-macosx-x86_64/jdk8u66/4988/hotspot/src/share/vm/prims/jni.cpp, line 709]
Event: 0.201 Thread 0x00007fb8dd00a000 Exception <a 'java/security/PrivilegedActionException'> (0x000000076b0ee9a0) thrown at [/HUDSON3/workspace/8-2-build-macosx-x86_64/jdk8u66/4988/hotspot/src/share/vm/prims/jvm.cpp, line 1386]
Event: 0.201 Thread 0x00007fb8dd00a000 Exception <a 'java/security/PrivilegedActionException'> (0x000000076b0eebb0) thrown at [/HUDSON3/workspace/8-2-build-macosx-x86_64/jdk8u66/4988/hotspot/src/share/vm/prims/jvm.cpp, line 1386]
Event: 0.201 Thread 0x00007fb8dd00a000 Exception <a 'java/security/PrivilegedActionException'> (0x000000076b0f1e50) thrown at [/HUDSON3/workspace/8-2-build-macosx-x86_64/jdk8u66/4988/hotspot/src/share/vm/prims/jvm.cpp, line 1386]
Event: 0.201 Thread 0x00007fb8dd00a000 Exception <a 'java/security/PrivilegedActionException'> (0x000000076b0f2060) thrown at [/HUDSON3/workspace/8-2-build-macosx-x86_64/jdk8u66/4988/hotspot/src/share/vm/prims/jvm.cpp, line 1386]
Event: 0.372 Thread 0x00007fb8dd00a000 Exception <a 'java/io/FileNotFoundException'> (0x000000076ba79598) thrown at [/HUDSON3/workspace/8-2-build-macosx-x86_64/jdk8u66/4988/hotspot/src/share/vm/prims/jni.cpp, line 709]
Event: 0.522 Thread 0x00007fb8dd00a000 Exception <a 'java/lang/NoSuchMethodError': org.slf4j.impl.StaticMDCBinder.getSingleton()Lorg/slf4j/impl/StaticMDCBinder;> (0x000000076c39a5a0) thrown at [/HUDSON3/workspace/8-2-build-macosx-x86_64/jdk8u66/4988/hotspot/src/share/vm/interpreter/linkResolve
Event: 0.577 Thread 0x00007fb8dd00a000 Exception <a 'java/lang/NoSuchFieldError': method resolution failed> (0x000000076c51a218) thrown at [/HUDSON3/workspace/8-2-build-macosx-x86_64/jdk8u66/4988/hotspot/src/share/vm/prims/methodHandles.cpp, line 1146]
Event: 0.578 Thread 0x00007fb8dd00a000 Exception <a 'java/lang/NoSuchFieldError': method resolution failed> (0x000000076c5281a8) thrown at [/HUDSON3/workspace/8-2-build-macosx-x86_64/jdk8u66/4988/hotspot/src/share/vm/prims/methodHandles.cpp, line 1146]

Events (10 events):
Event: 900.213 Executing VM operation: ChangeBreakpoints
Event: 900.213 Executing VM operation: ChangeBreakpoints done
Event: 900.227 Executing VM operation: ChangeBreakpoints
Event: 900.228 Executing VM operation: ChangeBreakpoints done
Event: 900.235 Executing VM operation: ChangeBreakpoints
Event: 900.235 Executing VM operation: ChangeBreakpoints done
Event: 900.239 Executing VM operation: ChangeBreakpoints
Event: 900.239 Executing VM operation: ChangeBreakpoints done
Event: 900.240 Executing VM operation: ChangeBreakpoints
Event: 900.240 Executing VM operation: ChangeBreakpoints done


Dynamic libraries:
0x000000002fd8e000 	/System/Library/Frameworks/Cocoa.framework/Versions/A/Cocoa
0x000000002fd8e000 	/System/Library/Frameworks/Security.framework/Versions/A/Security
0x000000002fd8e000 	/System/Library/Frameworks/ApplicationServices.framework/Versions/A/ApplicationServices
0x000000002fd8e000 	/usr/lib/libz.1.dylib
0x000000002fd8e000 	/usr/lib/libSystem.B.dylib
0x000000002fd8e000 	/usr/lib/libobjc.A.dylib
0x000000002fd8e000 	/System/Library/Frameworks/CoreFoundation.framework/Versions/A/CoreFoundation
0x000000002fd8e000 	/System/Library/Frameworks/Foundation.framework/Versions/C/Foundation
0x000000002fd8e000 	/System/Library/Frameworks/AppKit.framework/Versions/C/AppKit
0x000000002fd8e000 	/System/Library/Frameworks/CoreData.framework/Versions/A/CoreData
0x000000002fd8e000 	/System/Library/PrivateFrameworks/RemoteViewServices.framework/Versions/A/RemoteViewServices
0x000000002fd8e000 	/System/Library/PrivateFrameworks/UIFoundation.framework/Versions/A/UIFoundation
0x000000002fd8e000 	/System/Library/PrivateFrameworks/DFRFoundation.framework/Versions/A/DFRFoundation
0x000000002fd8e000 	/System/Library/Frameworks/Metal.framework/Versions/A/Metal
0x000000002fd8e000 	/System/Library/PrivateFrameworks/DesktopServicesPriv.framework/Versions/A/DesktopServicesPriv
0x000000002fd8e000 	/usr/lib/libenergytrace.dylib
0x000000002fd8e000 	/System/Library/PrivateFrameworks/SkyLight.framework/Versions/A/SkyLight
0x000000002fd8e000 	/System/Library/Frameworks/CoreGraphics.framework/Versions/A/CoreGraphics
0x000000002fd8e000 	/usr/lib/libScreenReader.dylib
0x000000002fd8e000 	/System/Library/Frameworks/Accelerate.framework/Versions/A/Accelerate
0x000000002fd8e000 	/System/Library/Frameworks/IOSurface.framework/Versions/A/IOSurface
0x000000002fd8e000 	/System/Library/Frameworks/AudioToolbox.framework/Versions/A/AudioToolbox
0x000000002fd8e000 	/System/Library/Frameworks/AudioUnit.framework/Versions/A/AudioUnit
0x000000002fd8e000 	/System/Library/PrivateFrameworks/DataDetectorsCore.framework/Versions/A/DataDetectorsCore
0x000000002fd8e000 	/System/Library/Frameworks/Carbon.framework/Versions/A/Frameworks/HIToolbox.framework/Versions/A/HIToolbox
0x000000002fd8e000 	/usr/lib/libicucore.A.dylib
0x000000002fd8e000 	/System/Library/Frameworks/QuartzCore.framework/Versions/A/QuartzCore
0x000000002fd8e000 	/System/Library/PrivateFrameworks/SignpostNotification.framework/Versions/A/SignpostNotification
0x000000002fd8e000 	/System/Library/Frameworks/Carbon.framework/Versions/A/Frameworks/SpeechRecognition.framework/Versions/A/SpeechRecognition
0x000000002fd8e000 	/usr/lib/libauto.dylib
0x000000002fd8e000 	/usr/lib/libxml2.2.dylib
0x000000002fd8e000 	/System/Library/PrivateFrameworks/CoreUI.framework/Versions/A/CoreUI
0x000000002fd8e000 	/System/Library/Frameworks/CoreAudio.framework/Versions/A/CoreAudio
0x000000002fd8e000 	/System/Library/Frameworks/DiskArbitration.framework/Versions/A/DiskArbitration
0x000000002fd8e000 	/usr/lib/liblangid.dylib
0x000000002fd8e000 	/System/Library/PrivateFrameworks/MultitouchSupport.framework/Versions/A/MultitouchSupport
0x000000002fd8e000 	/System/Library/Frameworks/IOKit.framework/Versions/A/IOKit
0x000000002fd8e000 	/usr/lib/libDiagnosticMessagesClient.dylib
0x000000002fd8e000 	/System/Library/Frameworks/CoreServices.framework/Versions/A/CoreServices
0x000000002fd8e000 	/System/Library/PrivateFrameworks/PerformanceAnalysis.framework/Versions/A/PerformanceAnalysis
0x000000002fd8e000 	/System/Library/Frameworks/OpenGL.framework/Versions/A/OpenGL
0x000000002fd8e000 	/System/Library/Frameworks/ColorSync.framework/Versions/A/ColorSync
0x000000002fd8e000 	/System/Library/Frameworks/CoreImage.framework/Versions/A/CoreImage
0x000000002fd8e000 	/System/Library/Frameworks/CoreText.framework/Versions/A/CoreText
0x000000002fd8e000 	/System/Library/Frameworks/ImageIO.framework/Versions/A/ImageIO
0x000000002fd8e000 	/System/Library/PrivateFrameworks/Backup.framework/Versions/A/Backup
0x000000002fd8e000 	/usr/lib/libarchive.2.dylib
0x000000002fd8e000 	/System/Library/Frameworks/CFNetwork.framework/Versions/A/CFNetwork
0x000000002fd8e000 	/System/Library/Frameworks/SystemConfiguration.framework/Versions/A/SystemConfiguration
0x000000002fd8e000 	/usr/lib/libCRFSuite.dylib
0x000000002fd8e000 	/usr/lib/libc++.1.dylib
0x000000002fd8e000 	/usr/lib/libc++abi.dylib
0x000000002fd8e000 	/usr/lib/system/libcache.dylib
0x000000002fd8e000 	/usr/lib/system/libcommonCrypto.dylib
0x000000002fd8e000 	/usr/lib/system/libcompiler_rt.dylib
0x000000002fd8e000 	/usr/lib/system/libcopyfile.dylib
0x000000002fd8e000 	/usr/lib/system/libcorecrypto.dylib
0x000000002fd8e000 	/usr/lib/system/libdispatch.dylib
0x000000002fd8e000 	/usr/lib/system/libdyld.dylib
0x000000002fd8e000 	/usr/lib/system/libkeymgr.dylib
0x000000002fd8e000 	/usr/lib/system/liblaunch.dylib
0x000000002fd8e000 	/usr/lib/system/libmacho.dylib
0x000000002fd8e000 	/usr/lib/system/libquarantine.dylib
0x000000002fd8e000 	/usr/lib/system/libremovefile.dylib
0x000000002fd8e000 	/usr/lib/system/libsystem_asl.dylib
0x000000002fd8e000 	/usr/lib/system/libsystem_blocks.dylib
0x000000002fd8e000 	/usr/lib/system/libsystem_c.dylib
0x000000002fd8e000 	/usr/lib/system/libsystem_configuration.dylib
0x000000002fd8e000 	/usr/lib/system/libsystem_coreservices.dylib
0x000000002fd8e000 	/usr/lib/system/libsystem_darwin.dylib
0x000000002fd8e000 	/usr/lib/system/libsystem_dnssd.dylib
0x000000002fd8e000 	/usr/lib/system/libsystem_info.dylib
0x000000002fd8e000 	/usr/lib/system/libsystem_m.dylib
0x000000002fd8e000 	/usr/lib/system/libsystem_malloc.dylib
0x000000002fd8e000 	/usr/lib/system/libsystem_network.dylib
0x000000002fd8e000 	/usr/lib/system/libsystem_networkextension.dylib
0x000000002fd8e000 	/usr/lib/system/libsystem_notify.dylib
0x000000002fd8e000 	/usr/lib/system/libsystem_sandbox.dylib
0x000000002fd8e000 	/usr/lib/system/libsystem_secinit.dylib
0x000000002fd8e000 	/usr/lib/system/libsystem_kernel.dylib
0x000000002fd8e000 	/usr/lib/system/libsystem_platform.dylib
0x000000002fd8e000 	/usr/lib/system/libsystem_pthread.dylib
0x000000002fd8e000 	/usr/lib/system/libsystem_symptoms.dylib
0x000000002fd8e000 	/usr/lib/system/libsystem_trace.dylib
0x000000002fd8e000 	/usr/lib/system/libunwind.dylib
0x000000002fd8e000 	/usr/lib/system/libxpc.dylib
0x000000002fd8e000 	/usr/lib/closure/libclosured.dylib
0x000000002fd8e000 	/usr/lib/libbsm.0.dylib
0x000000002fd8e000 	/usr/lib/system/libkxld.dylib
0x000000002fd8e000 	/usr/lib/libOpenScriptingUtil.dylib
0x000000002fd8e000 	/usr/lib/libcoretls.dylib
0x000000002fd8e000 	/usr/lib/libcoretls_cfhelpers.dylib
0x000000002fd8e000 	/usr/lib/libpam.2.dylib
0x000000002fd8e000 	/usr/lib/libsqlite3.dylib
0x000000002fd8e000 	/usr/lib/libxar.1.dylib
0x000000002fd8e000 	/usr/lib/libbz2.1.0.dylib
0x000000002fd8e000 	/usr/lib/liblzma.5.dylib
0x000000002fd8e000 	/usr/lib/libnetwork.dylib
0x000000002fd8e000 	/usr/lib/libapple_nghttp2.dylib
0x000000002fd8e000 	/usr/lib/libpcap.A.dylib
0x000000002fd8e000 	/usr/lib/libboringssl.dylib
0x000000002fd8e000 	/usr/lib/libusrtcp.dylib
0x000000002fd8e000 	/usr/lib/libapple_crypto.dylib
0x000000002fd8e000 	/System/Library/Frameworks/CoreServices.framework/Versions/A/Frameworks/FSEvents.framework/Versions/A/FSEvents
0x000000002fd8e000 	/System/Library/Frameworks/CoreServices.framework/Versions/A/Frameworks/CarbonCore.framework/Versions/A/CarbonCore
0x000000002fd8e000 	/System/Library/Frameworks/CoreServices.framework/Versions/A/Frameworks/Metadata.framework/Versions/A/Metadata
0x000000002fd8e000 	/System/Library/Frameworks/CoreServices.framework/Versions/A/Frameworks/OSServices.framework/Versions/A/OSServices
0x000000002fd8e000 	/System/Library/Frameworks/CoreServices.framework/Versions/A/Frameworks/SearchKit.framework/Versions/A/SearchKit
0x000000002fd8e000 	/System/Library/Frameworks/CoreServices.framework/Versions/A/Frameworks/AE.framework/Versions/A/AE
0x000000002fd8e000 	/System/Library/Frameworks/CoreServices.framework/Versions/A/Frameworks/LaunchServices.framework/Versions/A/LaunchServices
0x000000002fd8e000 	/System/Library/Frameworks/CoreServices.framework/Versions/A/Frameworks/DictionaryServices.framework/Versions/A/DictionaryServices
0x000000002fd8e000 	/System/Library/Frameworks/CoreServices.framework/Versions/A/Frameworks/SharedFileList.framework/Versions/A/SharedFileList
0x000000002fd8e000 	/System/Library/Frameworks/NetFS.framework/Versions/A/NetFS
0x000000002fd8e000 	/System/Library/PrivateFrameworks/NetAuth.framework/Versions/A/NetAuth
0x000000002fd8e000 	/System/Library/PrivateFrameworks/login.framework/Versions/A/Frameworks/loginsupport.framework/Versions/A/loginsupport
0x000000002fd8e000 	/System/Library/PrivateFrameworks/TCC.framework/Versions/A/TCC
0x000000002fd8e000 	/usr/lib/libmecabra.dylib
0x000000002fd8e000 	/System/Library/Frameworks/ApplicationServices.framework/Versions/A/Frameworks/ATS.framework/Versions/A/ATS
0x000000002fd8e000 	/System/Library/Frameworks/ApplicationServices.framework/Versions/A/Frameworks/ColorSyncLegacy.framework/Versions/A/ColorSyncLegacy
0x000000002fd8e000 	/System/Library/Frameworks/ApplicationServices.framework/Versions/A/Frameworks/HIServices.framework/Versions/A/HIServices
0x000000002fd8e000 	/System/Library/Frameworks/ApplicationServices.framework/Versions/A/Frameworks/LangAnalysis.framework/Versions/A/LangAnalysis
0x000000002fd8e000 	/System/Library/Frameworks/ApplicationServices.framework/Versions/A/Frameworks/PrintCore.framework/Versions/A/PrintCore
0x000000002fd8e000 	/System/Library/Frameworks/ApplicationServices.framework/Versions/A/Frameworks/QD.framework/Versions/A/QD
0x000000002fd8e000 	/System/Library/Frameworks/ApplicationServices.framework/Versions/A/Frameworks/SpeechSynthesis.framework/Versions/A/SpeechSynthesis
0x000000002fd8e000 	/System/Library/Frameworks/CoreDisplay.framework/Versions/A/CoreDisplay
0x000000002fd8e000 	/System/Library/Frameworks/Accelerate.framework/Versions/A/Frameworks/vImage.framework/Versions/A/vImage
0x000000002fd8e000 	/System/Library/Frameworks/Accelerate.framework/Versions/A/Frameworks/vecLib.framework/Versions/A/vecLib
0x000000002fd8e000 	/System/Library/Frameworks/Accelerate.framework/Versions/A/Frameworks/vecLib.framework/Versions/A/libvDSP.dylib
0x000000002fd8e000 	/System/Library/Frameworks/Accelerate.framework/Versions/A/Frameworks/vecLib.framework/Versions/A/libBNNS.dylib
0x000000002fd8e000 	/System/Library/Frameworks/Accelerate.framework/Versions/A/Frameworks/vecLib.framework/Versions/A/libQuadrature.dylib
0x000000002fd8e000 	/System/Library/Frameworks/Accelerate.framework/Versions/A/Frameworks/vecLib.framework/Versions/A/libvMisc.dylib
0x000000002fd8e000 	/System/Library/Frameworks/Accelerate.framework/Versions/A/Frameworks/vecLib.framework/Versions/A/libLAPACK.dylib
0x000000002fd8e000 	/System/Library/Frameworks/Accelerate.framework/Versions/A/Frameworks/vecLib.framework/Versions/A/libBLAS.dylib
0x000000002fd8e000 	/System/Library/Frameworks/Accelerate.framework/Versions/A/Frameworks/vecLib.framework/Versions/A/libLinearAlgebra.dylib
0x000000002fd8e000 	/System/Library/Frameworks/Accelerate.framework/Versions/A/Frameworks/vecLib.framework/Versions/A/libSparse.dylib
0x000000002fd8e000 	/System/Library/Frameworks/Accelerate.framework/Versions/A/Frameworks/vecLib.framework/Versions/A/libSparseBLAS.dylib
0x000000002fd8e000 	/System/Library/PrivateFrameworks/GPUWrangler.framework/Versions/A/GPUWrangler
0x000000002fd8e000 	/System/Library/PrivateFrameworks/IOAccelerator.framework/Versions/A/IOAccelerator
0x000000002fd8e000 	/System/Library/PrivateFrameworks/IOPresentment.framework/Versions/A/IOPresentment
0x000000002fd8e000 	/System/Library/PrivateFrameworks/DSExternalDisplay.framework/Versions/A/DSExternalDisplay
0x000000002fd8e000 	/System/Library/Frameworks/OpenGL.framework/Versions/A/Libraries/libCoreFSCache.dylib
0x000000002fd8e000 	/System/Library/Frameworks/CoreVideo.framework/Versions/A/CoreVideo
0x000000002fd8e000 	/System/Library/PrivateFrameworks/GraphVisualizer.framework/Versions/A/GraphVisualizer
0x000000002fd8e000 	/System/Library/Frameworks/MetalPerformanceShaders.framework/Versions/A/MetalPerformanceShaders
0x000000002fd8e000 	/usr/lib/libFosl_dynamic.dylib
0x000000002fd8e000 	/System/Library/PrivateFrameworks/FaceCore.framework/Versions/A/FaceCore
0x000000002fd8e000 	/System/Library/Frameworks/OpenCL.framework/Versions/A/OpenCL
0x000000002fd8e000 	/usr/lib/libcompression.dylib
0x000000002fd8e000 	/System/Library/Frameworks/ApplicationServices.framework/Versions/A/Frameworks/ATS.framework/Versions/A/Resources/libFontParser.dylib
0x000000002fd8e000 	/System/Library/Frameworks/ApplicationServices.framework/Versions/A/Frameworks/ATS.framework/Versions/A/Resources/libFontRegistry.dylib
0x000000002fd8e000 	/System/Library/Frameworks/ImageIO.framework/Versions/A/Resources/libJPEG.dylib
0x000000002fd8e000 	/System/Library/Frameworks/ImageIO.framework/Versions/A/Resources/libTIFF.dylib
0x000000002fd8e000 	/System/Library/Frameworks/ImageIO.framework/Versions/A/Resources/libPng.dylib
0x000000002fd8e000 	/System/Library/Frameworks/ImageIO.framework/Versions/A/Resources/libGIF.dylib
0x000000002fd8e000 	/System/Library/Frameworks/ImageIO.framework/Versions/A/Resources/libJP2.dylib
0x000000002fd8e000 	/System/Library/Frameworks/ImageIO.framework/Versions/A/Resources/libRadiance.dylib
0x000000002fd8e000 	/System/Library/PrivateFrameworks/AppleJPEG.framework/Versions/A/AppleJPEG
0x000000002fd8e000 	/System/Library/Frameworks/MetalPerformanceShaders.framework/Frameworks/MPSCore.framework/Versions/A/MPSCore
0x000000002fd8e000 	/System/Library/Frameworks/MetalPerformanceShaders.framework/Frameworks/MPSImage.framework/Versions/A/MPSImage
0x000000002fd8e000 	/System/Library/Frameworks/MetalPerformanceShaders.framework/Frameworks/MPSNeuralNetwork.framework/Versions/A/MPSNeuralNetwork
0x000000002fd8e000 	/System/Library/Frameworks/MetalPerformanceShaders.framework/Frameworks/MPSMatrix.framework/Versions/A/MPSMatrix
0x000000002fd8e000 	/System/Library/PrivateFrameworks/MetalTools.framework/Versions/A/MetalTools
0x000000002fd8e000 	/System/Library/Frameworks/OpenGL.framework/Versions/A/Libraries/libGLU.dylib
0x000000002fd8e000 	/System/Library/Frameworks/OpenGL.framework/Versions/A/Libraries/libGFXShared.dylib
0x000000002fd8e000 	/System/Library/Frameworks/OpenGL.framework/Versions/A/Libraries/libGL.dylib
0x000000002fd8e000 	/System/Library/Frameworks/OpenGL.framework/Versions/A/Libraries/libGLImage.dylib
0x000000002fd8e000 	/System/Library/Frameworks/OpenGL.framework/Versions/A/Libraries/libCVMSPluginSupport.dylib
0x000000002fd8e000 	/System/Library/Frameworks/OpenGL.framework/Versions/A/Libraries/libCoreVMClient.dylib
0x000000002fd8e000 	/usr/lib/libcups.2.dylib
0x000000002fd8e000 	/System/Library/Frameworks/Kerberos.framework/Versions/A/Kerberos
0x000000002fd8e000 	/System/Library/Frameworks/GSS.framework/Versions/A/GSS
0x000000002fd8e000 	/usr/lib/libresolv.9.dylib
0x000000002fd8e000 	/usr/lib/libiconv.2.dylib
0x000000002fd8e000 	/System/Library/PrivateFrameworks/Heimdal.framework/Versions/A/Heimdal
0x000000002fd8e000 	/usr/lib/libheimdal-asn1.dylib
0x000000002fd8e000 	/System/Library/Frameworks/OpenDirectory.framework/Versions/A/OpenDirectory
0x000000002fd8e000 	/System/Library/PrivateFrameworks/CommonAuth.framework/Versions/A/CommonAuth
0x000000002fd8e000 	/System/Library/Frameworks/OpenDirectory.framework/Versions/A/Frameworks/CFOpenDirectory.framework/Versions/A/CFOpenDirectory
0x000000002fd8e000 	/System/Library/Frameworks/SecurityFoundation.framework/Versions/A/SecurityFoundation
0x000000002fd8e000 	/System/Library/PrivateFrameworks/APFS.framework/Versions/A/APFS
0x000000002fd8e000 	/usr/lib/libutil.dylib
0x000000002fd8e000 	/System/Library/PrivateFrameworks/AppleSauce.framework/Versions/A/AppleSauce
0x000000002fd8e000 	/System/Library/PrivateFrameworks/LinguisticData.framework/Versions/A/LinguisticData
0x000000002fd8e000 	/usr/lib/libmarisa.dylib
0x000000002fd8e000 	/System/Library/PrivateFrameworks/Lexicon.framework/Versions/A/Lexicon
0x000000002fd8e000 	/usr/lib/libChineseTokenizer.dylib
0x000000002fd8e000 	/usr/lib/libcmph.dylib
0x000000002fd8e000 	/System/Library/PrivateFrameworks/LanguageModeling.framework/Versions/A/LanguageModeling
0x000000002fd8e000 	/System/Library/PrivateFrameworks/CoreEmoji.framework/Versions/A/CoreEmoji
0x000000002fd8e000 	/System/Library/Frameworks/ServiceManagement.framework/Versions/A/ServiceManagement
0x000000002fd8e000 	/System/Library/PrivateFrameworks/BackgroundTaskManagement.framework/Versions/A/BackgroundTaskManagement
0x000000002fd8e000 	/usr/lib/libxslt.1.dylib
0x000000002fd8e000 	/System/Library/Frameworks/Carbon.framework/Versions/A/Frameworks/Ink.framework/Versions/A/Ink
0x000000002fd8e000 	/System/Library/PrivateFrameworks/TextureIO.framework/Versions/A/TextureIO
0x000000002fd8e000 	/usr/lib/libate.dylib
0x000000002fd8e000 	/System/Library/PrivateFrameworks/CrashReporterSupport.framework/Versions/A/CrashReporterSupport
0x000000002fd8e000 	/System/Library/PrivateFrameworks/Sharing.framework/Versions/A/Sharing
0x000000002fd8e000 	/System/Library/PrivateFrameworks/IconServices.framework/Versions/A/IconServices
0x000000002fd8e000 	/System/Library/PrivateFrameworks/Apple80211.framework/Versions/A/Apple80211
0x000000002fd8e000 	/System/Library/PrivateFrameworks/CoreUtils.framework/Versions/A/CoreUtils
0x000000002fd8e000 	/System/Library/Frameworks/CoreWLAN.framework/Versions/A/CoreWLAN
0x000000002fd8e000 	/System/Library/Frameworks/IOBluetooth.framework/Versions/A/IOBluetooth
0x000000002fd8e000 	/System/Library/PrivateFrameworks/ProtocolBuffer.framework/Versions/A/ProtocolBuffer
0x000000002fd8e000 	/System/Library/PrivateFrameworks/CoreWiFi.framework/Versions/A/CoreWiFi
0x000000002fd8e000 	/System/Library/Frameworks/CoreBluetooth.framework/Versions/A/CoreBluetooth
0x000000002fd8e000 	/System/Library/PrivateFrameworks/DebugSymbols.framework/Versions/A/DebugSymbols
0x000000002fd8e000 	/System/Library/PrivateFrameworks/CoreSymbolication.framework/Versions/A/CoreSymbolication
0x000000002fd8e000 	/System/Library/PrivateFrameworks/Symbolication.framework/Versions/A/Symbolication
0x000000002fd8e000 	/System/Library/PrivateFrameworks/AppleFSCompression.framework/Versions/A/AppleFSCompression
0x000000002fd8e000 	/System/Library/PrivateFrameworks/SpeechRecognitionCore.framework/Versions/A/SpeechRecognitionCore
0x0000000104c00000 	/Library/Java/JavaVirtualMachines/jdk1.8.0_66.jdk/Contents/Home/jre/lib/server/libjvm.dylib
0x000000002fd8e000 	/usr/lib/libstdc++.6.0.9.dylib
0x0000000103b70000 	/Library/Java/JavaVirtualMachines/jdk1.8.0_66.jdk/Contents/Home/jre/lib/libverify.dylib
0x0000000103b7e000 	/Library/Java/JavaVirtualMachines/jdk1.8.0_66.jdk/Contents/Home/jre/lib/libjava.dylib
0x0000000103bb4000 	/Library/Java/JavaVirtualMachines/jdk1.8.0_66.jdk/Contents/Home/jre/lib/libjdwp.dylib
0x0000000105b86000 	/Library/Java/JavaVirtualMachines/jdk1.8.0_66.jdk/Contents/Home/jre/lib/libnpt.dylib
0x0000000105b8a000 	/Library/Java/JavaVirtualMachines/jdk1.8.0_66.jdk/Contents/Home/jre/lib/libinstrument.dylib
0x0000000105c27000 	/Library/Java/JavaVirtualMachines/jdk1.8.0_66.jdk/Contents/Home/jre/lib/libzip.dylib
0x000000002fd8e000 	/System/Library/Frameworks/JavaVM.framework/Versions/A/Frameworks/JavaRuntimeSupport.framework/Versions/A/JavaRuntimeSupport
0x000000002fd8e000 	/System/Library/Frameworks/JavaVM.framework/Versions/A/Frameworks/JavaNativeFoundation.framework/Versions/A/JavaNativeFoundation
0x000000002fd8e000 	/System/Library/Frameworks/JavaVM.framework/Versions/A/JavaVM
0x000000002fd8e000 	/System/Library/Frameworks/Carbon.framework/Versions/A/Carbon
0x000000002fd8e000 	/System/Library/PrivateFrameworks/JavaLaunching.framework/Versions/A/JavaLaunching
0x000000002fd8e000 	/System/Library/Frameworks/Carbon.framework/Versions/A/Frameworks/CommonPanels.framework/Versions/A/CommonPanels
0x000000002fd8e000 	/System/Library/Frameworks/Carbon.framework/Versions/A/Frameworks/Help.framework/Versions/A/Help
0x000000002fd8e000 	/System/Library/Frameworks/Carbon.framework/Versions/A/Frameworks/ImageCapture.framework/Versions/A/ImageCapture
0x000000002fd8e000 	/System/Library/Frameworks/Carbon.framework/Versions/A/Frameworks/OpenScripting.framework/Versions/A/OpenScripting
0x000000002fd8e000 	/System/Library/Frameworks/Carbon.framework/Versions/A/Frameworks/Print.framework/Versions/A/Print
0x000000002fd8e000 	/System/Library/Frameworks/Carbon.framework/Versions/A/Frameworks/SecurityHI.framework/Versions/A/SecurityHI
0x0000000120d62000 	/Library/Java/JavaVirtualMachines/jdk1.8.0_66.jdk/Contents/Home/jre/lib/libdt_socket.dylib
0x0000000122c50000 	/Library/Java/JavaVirtualMachines/jdk1.8.0_66.jdk/Contents/Home/jre/lib/libjsound.dylib
0x000000002fd8e000 	/System/Library/Frameworks/CoreMIDI.framework/Versions/A/CoreMIDI
0x000000002fd8e000 	/usr/lib/libexpat.1.dylib
0x0000000122c63000 	/System/Library/Extensions/AppleHDA.kext/Contents/PlugIns/AppleHDAHALPlugIn.bundle/Contents/MacOS/AppleHDAHALPlugIn
0x0000000122c6d000 	/Library/Audio/Plug-Ins/HAL/BartenderAudioPlugIn.plugin/Contents/MacOS/BartenderAudioPlugIn

VM Arguments:
jvm_args: -agentlib:jdwp=transport=dt_socket,address=127.0.0.1:50241,suspend=y,server=n -ea -Didea.test.cyclic.buffer.size=1048576 -javaagent:/Users/ian/Library/Caches/IdeaIC2018.1/captureAgent/debugger-agent.jar=file:/private/var/folders/cj/mjtqydxn07vf0mb476tb9csc0000gn/T/capture.props -Dfile.encoding=UTF-8 
java_command: com.intellij.rt.execution.junit.JUnitStarter -ideVersion5 -junit4 com.purplepip.odin.midix.MidiDeviceWrapperTest,testDefaultToGervill
java_class_path (initial): /Applications/IntelliJ IDEA CE.app/Contents/lib/idea_rt.jar:/Applications/IntelliJ IDEA CE.app/Contents/plugins/junit/lib/junit-rt.jar:/Applications/IntelliJ IDEA CE.app/Contents/plugins/junit/lib/junit5-rt.jar:/Library/Java/JavaVirtualMachines/jdk1.8.0_66.jdk/Contents/Home/jre/lib/charsets.jar:/Library/Java/JavaVirtualMachines/jdk1.8.0_66.jdk/Contents/Home/jre/lib/deploy.jar:/Library/Java/JavaVirtualMachines/jdk1.8.0_66.jdk/Contents/Home/jre/lib/ext/cldrdata.jar:/Library/Java/JavaVirtualMachines/jdk1.8.0_66.jdk/Contents/Home/jre/lib/ext/dnsns.jar:/Library/Java/JavaVirtualMachines/jdk1.8.0_66.jdk/Contents/Home/jre/lib/ext/jaccess.jar:/Library/Java/JavaVirtualMachines/jdk1.8.0_66.jdk/Contents/Home/jre/lib/ext/jfxrt.jar:/Library/Java/JavaVirtualMachines/jdk1.8.0_66.jdk/Contents/Home/jre/lib/ext/localedata.jar:/Library/Java/JavaVirtualMachines/jdk1.8.0_66.jdk/Contents/Home/jre/lib/ext/nashorn.jar:/Library/Java/JavaVirtualMachines/jdk1.8.0_66.jdk/Contents/Home/jre/lib/ext/sunec.jar:/Library/Java/JavaVirtualMachines/jdk1.8.0_66.jdk/Contents/Home/jre/lib/ext/sunjce_provider.jar:/Library/Java/JavaVirtualMachines/jdk1.8.0_66.jdk/Contents/Home/jre/lib/ext/sunpkcs11.jar:/Library/Java/JavaVirtualMachines/jdk1.8.0_66.jdk/Contents/Home/jre/lib/ext/zipfs.jar:/Library/Java/JavaVirtualMachines/jdk1.8.0_66.jdk/Contents/Home/jre/lib/javaws.jar:/Library/Java/JavaVirtualMachines/jdk1.8.0_66.jdk/Contents/Home/jre/lib/jce.jar:/Library/Java/JavaVirtualMachines/jdk1.8.0_66.jdk/Contents/Home/jre/lib/jfr.jar:/Library/Java/JavaVirtualMachines/jdk1.8.0_66.jdk/Contents/Home/jre/lib/jfxswt.jar:/Library/Java/JavaVirtualMachines/jdk1.8.0_66.jdk/Contents/Home/jre/lib/jsse.jar:/Library/Java/JavaVirtualMachines/jdk1.8.0_66.jdk/Contents/Home/jre/lib/management-agent.jar:/Library/Java/JavaVirtualMachines/jdk1.8.0_66.jdk/Contents/Home/jre/lib/plugin.jar:/Library/Java/JavaVirtualMachines/jdk1.8.0_66.jdk/Contents/Home/jre/lib/resources.jar:/Library/Java/JavaVirtualMachines/jdk
Launcher Type: SUN_STANDARD

Environment Variables:
PATH=/Users/ian/.rbenv/shims:/Users/ian/.jenv/shims:/Users/ian/.jenv/shims:/usr/local/bin:/usr/bin:/bin:/usr/sbin:/sbin:/opt/X11/bin:/Users/ian/Google Drive/source/bin
SHELL=/bin/bash
DISPLAY=:0.0

Signal Handlers:
SIGSEGV: [libjvm.dylib+0x5a65d5], sa_mask[0]=11111111011111110111111111111111, sa_flags=SA_ONSTACK|SA_RESTART|SA_SIGINFO
SIGBUS: [libjvm.dylib+0x5a65d5], sa_mask[0]=11111111011111110111111111111111, sa_flags=SA_RESTART|SA_SIGINFO
SIGFPE: [libjvm.dylib+0x4802e8], sa_mask[0]=11111111011111110111111111111111, sa_flags=SA_RESTART|SA_SIGINFO
SIGPIPE: [libjvm.dylib+0x4802e8], sa_mask[0]=11111111011111110111111111111111, sa_flags=SA_RESTART|SA_SIGINFO
SIGXFSZ: [libjvm.dylib+0x4802e8], sa_mask[0]=11111111011111110111111111111111, sa_flags=SA_RESTART|SA_SIGINFO
SIGILL: [libjvm.dylib+0x4802e8], sa_mask[0]=11111111011111110111111111111111, sa_flags=SA_RESTART|SA_SIGINFO
SIGUSR1: SIG_DFL, sa_mask[0]=00000000000000000000000000000000, sa_flags=none
SIGUSR2: [libjvm.dylib+0x47fe06], sa_mask[0]=00100000000000000000000000000000, sa_flags=SA_RESTART|SA_SIGINFO
SIGHUP: [libjvm.dylib+0x47e3dd], sa_mask[0]=11111111011111110111111111111111, sa_flags=SA_RESTART|SA_SIGINFO
SIGINT: [libjvm.dylib+0x47e3dd], sa_mask[0]=11111111011111110111111111111111, sa_flags=SA_RESTART|SA_SIGINFO
SIGTERM: [libjvm.dylib+0x47e3dd], sa_mask[0]=11111111011111110111111111111111, sa_flags=SA_RESTART|SA_SIGINFO
SIGQUIT: [libjvm.dylib+0x47e3dd], sa_mask[0]=11111111011111110111111111111111, sa_flags=SA_RESTART|SA_SIGINFO


---------------  S Y S T E M  ---------------

OS:Bsduname:Darwin 17.5.0 Darwin Kernel Version 17.5.0: Fri Apr 13 19:32:32 PDT 2018; root:xnu-4570.51.2~1/RELEASE_X86_64 x86_64
rlimit: STACK 8192k, CORE 0k, NPROC 1418, NOFILE 10240, AS infinity
load average:6.15 7.26 7.77

CPU:total 8 (4 cores per cpu, 2 threads per core) family 6 model 70 stepping 1, cmov, cx8, fxsr, mmx, sse, sse2, sse3, ssse3, sse4.1, sse4.2, popcnt, avx, avx2, aes, clmul, erms, lzcnt, ht, tsc, tscinvbit, bmi1, bmi2

Memory: 4k page, physical 16777216k(2658292k free)

/proc/meminfo:


vm_info: Java HotSpot(TM) 64-Bit Server VM (25.66-b17) for bsd-amd64 JRE (1.8.0_66-b17), built on Oct  6 2015 16:09:13 by "java_re" with gcc 4.2.1 (Based on Apple Inc. build 5658) (LLVM build 2336.11.00)

time: Sun Jun  3 22:09:15 2018
elapsed time: 900 seconds (0d 0h 15m 0s)

